This file contains any messages produced by compilers while
running configure, to aid debugging if configure makes a mistake.

It was created by libwebp configure 1.1.0, which was
generated by GNU Autoconf 2.69.  Invocation command line was

  $ ../Carthage/Checkouts/libwebp/configure --host=aarch64-apple-darwin --prefix=/Users/garrettmoon/code/PINRemoteImage/webp/iosbuild/iPhoneOS-13.5-aarch64 --build=x86_64-apple-darwin19.5.0 --disable-shared --enable-static --enable-libwebpdecoder --enable-swap-16bit-csp --enable-libwebpmux CFLAGS=-arch arm64 -pipe -isysroot /Applications/Xcode-11.5.app/Contents/Developer/Platforms/iPhoneOS.platform/Developer/SDKs/iPhoneOS13.5.sdk/ -O3 -DNDEBUG -miphoneos-version-min=6.0 -fembed-bitcode

## --------- ##
## Platform. ##
## --------- ##

hostname = garrettmoon-555JGH6.dyn.pinadmin.com
uname -m = x86_64
uname -r = 19.5.0
uname -s = Darwin
uname -v = Darwin Kernel Version 19.5.0: Tue May 26 20:41:44 PDT 2020; root:xnu-6153.121.2~2/RELEASE_X86_64

/usr/bin/uname -p = i386
/bin/uname -X     = unknown

/bin/arch              = unknown
/usr/bin/arch -k       = unknown
/usr/convex/getsysinfo = unknown
/usr/bin/hostinfo      = Mach kernel version:
	 Darwin Kernel Version 19.5.0: Tue May 26 20:41:44 PDT 2020; root:xnu-6153.121.2~2/RELEASE_X86_64
Kernel configured for up to 12 processors.
6 processors are physically available.
12 processors are logically available.
Processor type: x86_64h (Intel x86-64h Haswell)
Processors active: 0 1 2 3 4 5 6 7 8 9 10 11
Primary memory available: 32.00 gigabytes
Default processor set: 940 tasks, 4325 threads, 12 processors
Load average: 3.50, Mach factor: 8.49
/bin/machine           = unknown
/usr/bin/oslevel       = unknown
/bin/universe          = unknown

PATH: /Applications/Xcode-11.5.app/Contents/Developer/Toolchains/XcodeDefault.xctoolchain/usr/bin
PATH: /usr/local/bin
PATH: /usr/bin
PATH: /bin
PATH: /usr/sbin
PATH: /sbin
PATH: /Library/Apple/usr/bin
PATH: /Library/Application Support/Pinterest/CPE/pkgs/arcanist/bin
PATH: /usr/local/munki
PATH: /opt/pinterest/bin
PATH: /nix/var/nix/profiles/default/bin/


## ----------- ##
## Core tests. ##
## ----------- ##

configure:2369: checking build system type
configure:2383: result: x86_64-apple-darwin19.5.0
configure:2403: checking host system type
configure:2416: result: aarch64-apple-darwin
configure:2453: checking for a BSD-compatible install
configure:2521: result: /usr/bin/install -c
configure:2532: checking whether build environment is sane
configure:2587: result: yes
configure:2646: checking for aarch64-apple-darwin-strip
configure:2676: result: no
configure:2686: checking for strip
configure:2702: found /Applications/Xcode-11.5.app/Contents/Developer/Toolchains/XcodeDefault.xctoolchain/usr/bin/strip
configure:2713: result: strip
configure:2725: WARNING: using cross tools not prefixed with host triplet
configure:2738: checking for a thread-safe mkdir -p
configure:2777: result: ../Carthage/Checkouts/libwebp/install-sh -c -d
configure:2784: checking for gawk
configure:2814: result: no
configure:2784: checking for mawk
configure:2814: result: no
configure:2784: checking for nawk
configure:2814: result: no
configure:2784: checking for awk
configure:2800: found /usr/bin/awk
configure:2811: result: awk
configure:2822: checking whether make sets $(MAKE)
configure:2844: result: yes
configure:2873: checking whether make supports nested variables
configure:2890: result: yes
configure:3021: checking whether make supports the include directive
configure:3036: make -f confmf.GNU && cat confinc.out
this is the am__doit target
configure:3039: $? = 0
configure:3058: result: yes (GNU style)
configure:3088: checking for aarch64-apple-darwin-gcc
configure:3118: result: no
configure:3128: checking for gcc
configure:3144: found /usr/bin/gcc
configure:3155: result: gcc
configure:3384: checking for C compiler version
configure:3393: gcc --version >&5
Apple clang version 11.0.3 (clang-1103.0.32.62)
Target: x86_64-apple-darwin19.5.0
Thread model: posix
InstalledDir: /Applications/Xcode-11.5.app/Contents/Developer/Toolchains/XcodeDefault.xctoolchain/usr/bin
Configured with: --prefix=/Applications/Xcode-11.5.app/Contents/Developer/usr --with-gxx-include-dir=/Applications/Xcode-11.5.app/Contents/Developer/Platforms/MacOSX.platform/Developer/SDKs/MacOSX.sdk/usr/include/c++/4.2.1
configure:3404: $? = 0
configure:3393: gcc -v >&5
Configured with: --prefix=/Applications/Xcode-11.5.app/Contents/Developer/usr --with-gxx-include-dir=/Applications/Xcode-11.5.app/Contents/Developer/Platforms/MacOSX.platform/Developer/SDKs/MacOSX.sdk/usr/include/c++/4.2.1
Apple clang version 11.0.3 (clang-1103.0.32.62)
Target: x86_64-apple-darwin19.5.0
Thread model: posix
InstalledDir: /Applications/Xcode-11.5.app/Contents/Developer/Toolchains/XcodeDefault.xctoolchain/usr/bin
configure:3404: $? = 0
configure:3393: gcc -V >&5
clang: error: unsupported option '-V -Wno-objc-signed-char-bool-implicit-int-conversion'
clang: error: no input files
configure:3404: $? = 1
configure:3393: gcc -qversion >&5
clang: error: unknown argument '-qversion'; did you mean '--version'?
clang: error: no input files
configure:3404: $? = 1
configure:3424: checking whether the C compiler works
configure:3446: gcc -arch arm64 -pipe -isysroot /Applications/Xcode-11.5.app/Contents/Developer/Platforms/iPhoneOS.platform/Developer/SDKs/iPhoneOS13.5.sdk/ -O3 -DNDEBUG -miphoneos-version-min=6.0 -fembed-bitcode   conftest.c  >&5
configure:3450: $? = 0
configure:3498: result: yes
configure:3501: checking for C compiler default output file name
configure:3503: result: a.out
configure:3509: checking for suffix of executables
configure:3516: gcc -o conftest -arch arm64 -pipe -isysroot /Applications/Xcode-11.5.app/Contents/Developer/Platforms/iPhoneOS.platform/Developer/SDKs/iPhoneOS13.5.sdk/ -O3 -DNDEBUG -miphoneos-version-min=6.0 -fembed-bitcode   conftest.c  >&5
configure:3520: $? = 0
configure:3542: result: 
configure:3564: checking whether we are cross compiling
configure:3602: result: yes
configure:3607: checking for suffix of object files
configure:3629: gcc -c -arch arm64 -pipe -isysroot /Applications/Xcode-11.5.app/Contents/Developer/Platforms/iPhoneOS.platform/Developer/SDKs/iPhoneOS13.5.sdk/ -O3 -DNDEBUG -miphoneos-version-min=6.0 -fembed-bitcode  conftest.c >&5
configure:3633: $? = 0
configure:3654: result: o
configure:3658: checking whether we are using the GNU C compiler
configure:3677: gcc -c -arch arm64 -pipe -isysroot /Applications/Xcode-11.5.app/Contents/Developer/Platforms/iPhoneOS.platform/Developer/SDKs/iPhoneOS13.5.sdk/ -O3 -DNDEBUG -miphoneos-version-min=6.0 -fembed-bitcode  conftest.c >&5
configure:3677: $? = 0
configure:3686: result: yes
configure:3695: checking whether gcc accepts -g
configure:3715: gcc -c -g  conftest.c >&5
configure:3715: $? = 0
configure:3756: result: yes
configure:3773: checking for gcc option to accept ISO C89
configure:3836: gcc  -c -arch arm64 -pipe -isysroot /Applications/Xcode-11.5.app/Contents/Developer/Platforms/iPhoneOS.platform/Developer/SDKs/iPhoneOS13.5.sdk/ -O3 -DNDEBUG -miphoneos-version-min=6.0 -fembed-bitcode  conftest.c >&5
configure:3836: $? = 0
configure:3849: result: none needed
configure:3874: checking whether gcc understands -c and -o together
configure:3896: gcc -c conftest.c -o conftest2.o
configure:3899: $? = 0
configure:3896: gcc -c conftest.c -o conftest2.o
configure:3899: $? = 0
configure:3911: result: yes
configure:3930: checking dependency style of gcc
configure:4041: result: gcc3
configure:4062: checking for aarch64-apple-darwin-ar
configure:4092: result: no
configure:4062: checking for aarch64-apple-darwin-lib
configure:4092: result: no
configure:4062: checking for aarch64-apple-darwin-link
configure:4092: result: no
configure:4106: checking for ar
configure:4122: found /Applications/Xcode-11.5.app/Contents/Developer/Toolchains/XcodeDefault.xctoolchain/usr/bin/ar
configure:4133: result: ar
configure:4159: checking the archiver (ar) interface
configure:4175: gcc -c -arch arm64 -pipe -isysroot /Applications/Xcode-11.5.app/Contents/Developer/Platforms/iPhoneOS.platform/Developer/SDKs/iPhoneOS13.5.sdk/ -O3 -DNDEBUG -miphoneos-version-min=6.0 -fembed-bitcode  conftest.c >&5
configure:4175: $? = 0
configure:4177: ar cru libconftest.a conftest.o >&5
configure:4180: $? = 0
configure:4208: result: ar
configure:4275: checking how to print strings
configure:4302: result: printf
configure:4323: checking for a sed that does not truncate output
configure:4387: result: /usr/bin/sed
configure:4405: checking for grep that handles long lines and -e
configure:4463: result: /usr/bin/grep
configure:4468: checking for egrep
configure:4530: result: /usr/bin/grep -E
configure:4535: checking for fgrep
configure:4597: result: /usr/bin/grep -F
configure:4632: checking for ld used by gcc
configure:4699: result: /Applications/Xcode-11.5.app/Contents/Developer/Toolchains/XcodeDefault.xctoolchain/usr/bin/ld
configure:4706: checking if the linker (/Applications/Xcode-11.5.app/Contents/Developer/Toolchains/XcodeDefault.xctoolchain/usr/bin/ld) is GNU ld
configure:4721: result: no
configure:4733: checking for BSD- or MS-compatible name lister (nm)
configure:4787: result: no
configure:4801: checking for aarch64-apple-darwin-dumpbin
configure:4831: result: no
configure:4801: checking for aarch64-apple-darwin-link
configure:4831: result: no
configure:4845: checking for dumpbin
configure:4875: result: no
configure:4845: checking for link
configure:4861: found /bin/link
configure:4872: result: link -dump
configure:4917: checking the name lister (nm) interface
configure:4924: gcc -c -arch arm64 -pipe -isysroot /Applications/Xcode-11.5.app/Contents/Developer/Platforms/iPhoneOS.platform/Developer/SDKs/iPhoneOS13.5.sdk/ -O3 -DNDEBUG -miphoneos-version-min=6.0 -fembed-bitcode  conftest.c >&5
configure:4927: nm "conftest.o"
configure:4930: output
---------------- D _some_variable
configure:4937: result: BSD nm
configure:4940: checking whether ln -s works
configure:4944: result: yes
configure:4952: checking the maximum length of command line arguments
configure:5083: result: 196608
configure:5131: checking how to convert x86_64-apple-darwin19.5.0 file names to aarch64-apple-darwin format
configure:5171: result: func_convert_file_noop
configure:5178: checking how to convert x86_64-apple-darwin19.5.0 file names to toolchain format
configure:5198: result: func_convert_file_noop
configure:5205: checking for /Applications/Xcode-11.5.app/Contents/Developer/Toolchains/XcodeDefault.xctoolchain/usr/bin/ld option to reload object files
configure:5212: result: -r
configure:5246: checking for aarch64-apple-darwin-objdump
configure:5276: result: no
configure:5286: checking for objdump
configure:5302: found /Applications/Xcode-11.5.app/Contents/Developer/Toolchains/XcodeDefault.xctoolchain/usr/bin/objdump
configure:5313: result: objdump
configure:5345: checking how to recognize dependent libraries
configure:5545: result: pass_all
configure:5590: checking for aarch64-apple-darwin-dlltool
configure:5620: result: no
configure:5630: checking for dlltool
configure:5660: result: no
configure:5690: checking how to associate runtime and link libraries
configure:5717: result: printf %s\n
configure:5733: checking for aarch64-apple-darwin-ar
configure:5760: result: ar
configure:5841: checking for archiver @FILE support
configure:5858: gcc -c -arch arm64 -pipe -isysroot /Applications/Xcode-11.5.app/Contents/Developer/Platforms/iPhoneOS.platform/Developer/SDKs/iPhoneOS13.5.sdk/ -O3 -DNDEBUG -miphoneos-version-min=6.0 -fembed-bitcode  conftest.c >&5
configure:5858: $? = 0
configure:5861: ar cru libconftest.a @conftest.lst >&5
ar: @conftest.lst: No such file or directory
configure:5864: $? = 1
configure:5884: result: no
configure:5902: checking for aarch64-apple-darwin-strip
configure:5929: result: strip
configure:6001: checking for aarch64-apple-darwin-ranlib
configure:6031: result: no
configure:6041: checking for ranlib
configure:6057: found /Applications/Xcode-11.5.app/Contents/Developer/Toolchains/XcodeDefault.xctoolchain/usr/bin/ranlib
configure:6068: result: ranlib
configure:6170: checking command to parse nm output from gcc object
configure:6323: gcc -c -arch arm64 -pipe -isysroot /Applications/Xcode-11.5.app/Contents/Developer/Platforms/iPhoneOS.platform/Developer/SDKs/iPhoneOS13.5.sdk/ -O3 -DNDEBUG -miphoneos-version-min=6.0 -fembed-bitcode  conftest.c >&5
configure:6326: $? = 0
configure:6330: nm conftest.o \| sed -n -e 's/^.*[ ]\([BCDEGRST][BCDEGRST]*\)[ ][ ]*\([_A-Za-z][_A-Za-z0-9]*\)$/\1 \2 \2/p' | sed '/ __gnu_lto/d' \> conftest.nm
configure:6333: $? = 0
cannot find nm_test_var in conftest.nm
configure:6323: gcc -c -arch arm64 -pipe -isysroot /Applications/Xcode-11.5.app/Contents/Developer/Platforms/iPhoneOS.platform/Developer/SDKs/iPhoneOS13.5.sdk/ -O3 -DNDEBUG -miphoneos-version-min=6.0 -fembed-bitcode  conftest.c >&5
configure:6326: $? = 0
configure:6330: nm conftest.o \| sed -n -e 's/^.*[ ]\([BCDEGRST][BCDEGRST]*\)[ ][ ]*_\([_A-Za-z][_A-Za-z0-9]*\)$/\1 _\2 \2/p' | sed '/ __gnu_lto/d' \> conftest.nm
configure:6333: $? = 0
configure:6399: gcc -o conftest -arch arm64 -pipe -isysroot /Applications/Xcode-11.5.app/Contents/Developer/Platforms/iPhoneOS.platform/Developer/SDKs/iPhoneOS13.5.sdk/ -O3 -DNDEBUG -miphoneos-version-min=6.0 -fembed-bitcode   conftest.c conftstm.o >&5
configure:6402: $? = 0
configure:6440: result: ok
configure:6487: checking for sysroot
configure:6517: result: no
configure:6524: checking for a working dd
configure:6562: result: /bin/dd
configure:6566: checking how to truncate binary pipes
configure:6581: result: /bin/dd bs=4096 count=1
configure:6870: checking for aarch64-apple-darwin-mt
configure:6900: result: no
configure:6910: checking for mt
configure:6940: result: no
configure:6960: checking if : is a manifest tool
configure:6966: : '-?'
configure:6974: result: no
configure:6990: checking for aarch64-apple-darwin-dsymutil
configure:7020: result: no
configure:7030: checking for dsymutil
configure:7046: found /Applications/Xcode-11.5.app/Contents/Developer/Toolchains/XcodeDefault.xctoolchain/usr/bin/dsymutil
configure:7057: result: dsymutil
configure:7082: checking for aarch64-apple-darwin-nmedit
configure:7112: result: no
configure:7122: checking for nmedit
configure:7138: found /Applications/Xcode-11.5.app/Contents/Developer/Toolchains/XcodeDefault.xctoolchain/usr/bin/nmedit
configure:7149: result: nmedit
configure:7174: checking for aarch64-apple-darwin-lipo
configure:7204: result: no
configure:7214: checking for lipo
configure:7230: found /Applications/Xcode-11.5.app/Contents/Developer/Toolchains/XcodeDefault.xctoolchain/usr/bin/lipo
configure:7241: result: lipo
configure:7266: checking for aarch64-apple-darwin-otool
configure:7296: result: no
configure:7306: checking for otool
configure:7322: found /Applications/Xcode-11.5.app/Contents/Developer/Toolchains/XcodeDefault.xctoolchain/usr/bin/otool
configure:7333: result: otool
configure:7358: checking for aarch64-apple-darwin-otool64
configure:7388: result: no
configure:7398: checking for otool64
configure:7428: result: no
configure:7473: checking for -single_module linker flag
gcc -arch arm64 -pipe -isysroot /Applications/Xcode-11.5.app/Contents/Developer/Platforms/iPhoneOS.platform/Developer/SDKs/iPhoneOS13.5.sdk/ -O3 -DNDEBUG -miphoneos-version-min=6.0 -fembed-bitcode  -o libconftest.dylib -dynamiclib -Wl,-single_module conftest.c
configure:7506: result: yes
configure:7509: checking for -exported_symbols_list linker flag
configure:7529: gcc -o conftest -arch arm64 -pipe -isysroot /Applications/Xcode-11.5.app/Contents/Developer/Platforms/iPhoneOS.platform/Developer/SDKs/iPhoneOS13.5.sdk/ -O3 -DNDEBUG -miphoneos-version-min=6.0 -fembed-bitcode   -Wl,-exported_symbols_list,conftest.sym conftest.c  >&5
configure:7529: $? = 0
configure:7539: result: yes
configure:7542: checking for -force_load linker flag
gcc -arch arm64 -pipe -isysroot /Applications/Xcode-11.5.app/Contents/Developer/Platforms/iPhoneOS.platform/Developer/SDKs/iPhoneOS13.5.sdk/ -O3 -DNDEBUG -miphoneos-version-min=6.0 -fembed-bitcode -c -o conftest.o conftest.c
ar cru libconftest.a conftest.o
ranlib libconftest.a
gcc -arch arm64 -pipe -isysroot /Applications/Xcode-11.5.app/Contents/Developer/Platforms/iPhoneOS.platform/Developer/SDKs/iPhoneOS13.5.sdk/ -O3 -DNDEBUG -miphoneos-version-min=6.0 -fembed-bitcode  -o conftest conftest.c -Wl,-force_load,./libconftest.a
configure:7574: result: yes
configure:7646: checking how to run the C preprocessor
configure:7677: gcc -E  conftest.c
configure:7677: $? = 0
configure:7691: gcc -E  conftest.c
conftest.c:11:10: fatal error: 'ac_nonexistent.h' file not found
#include <ac_nonexistent.h>
         ^~~~~~~~~~~~~~~~~~
1 error generated.
configure:7691: $? = 1
configure: failed program was:
| /* confdefs.h */
| #define PACKAGE_NAME "libwebp"
| #define PACKAGE_TARNAME "libwebp"
| #define PACKAGE_VERSION "1.1.0"
| #define PACKAGE_STRING "libwebp 1.1.0"
| #define PACKAGE_BUGREPORT "https://bugs.chromium.org/p/webp"
| #define PACKAGE_URL "http://developers.google.com/speed/webp"
| #define PACKAGE "libwebp"
| #define VERSION "1.1.0"
| /* end confdefs.h.  */
| #include <ac_nonexistent.h>
configure:7716: result: gcc -E
configure:7736: gcc -E  conftest.c
configure:7736: $? = 0
configure:7750: gcc -E  conftest.c
conftest.c:11:10: fatal error: 'ac_nonexistent.h' file not found
#include <ac_nonexistent.h>
         ^~~~~~~~~~~~~~~~~~
1 error generated.
configure:7750: $? = 1
configure: failed program was:
| /* confdefs.h */
| #define PACKAGE_NAME "libwebp"
| #define PACKAGE_TARNAME "libwebp"
| #define PACKAGE_VERSION "1.1.0"
| #define PACKAGE_STRING "libwebp 1.1.0"
| #define PACKAGE_BUGREPORT "https://bugs.chromium.org/p/webp"
| #define PACKAGE_URL "http://developers.google.com/speed/webp"
| #define PACKAGE "libwebp"
| #define VERSION "1.1.0"
| /* end confdefs.h.  */
| #include <ac_nonexistent.h>
configure:7779: checking for ANSI C header files
configure:7799: gcc -c -arch arm64 -pipe -isysroot /Applications/Xcode-11.5.app/Contents/Developer/Platforms/iPhoneOS.platform/Developer/SDKs/iPhoneOS13.5.sdk/ -O3 -DNDEBUG -miphoneos-version-min=6.0 -fembed-bitcode  conftest.c >&5
configure:7799: $? = 0
configure:7883: result: yes
configure:7896: checking for sys/types.h
configure:7896: gcc -c -arch arm64 -pipe -isysroot /Applications/Xcode-11.5.app/Contents/Developer/Platforms/iPhoneOS.platform/Developer/SDKs/iPhoneOS13.5.sdk/ -O3 -DNDEBUG -miphoneos-version-min=6.0 -fembed-bitcode  conftest.c >&5
configure:7896: $? = 0
configure:7896: result: yes
configure:7896: checking for sys/stat.h
configure:7896: gcc -c -arch arm64 -pipe -isysroot /Applications/Xcode-11.5.app/Contents/Developer/Platforms/iPhoneOS.platform/Developer/SDKs/iPhoneOS13.5.sdk/ -O3 -DNDEBUG -miphoneos-version-min=6.0 -fembed-bitcode  conftest.c >&5
configure:7896: $? = 0
configure:7896: result: yes
configure:7896: checking for stdlib.h
configure:7896: gcc -c -arch arm64 -pipe -isysroot /Applications/Xcode-11.5.app/Contents/Developer/Platforms/iPhoneOS.platform/Developer/SDKs/iPhoneOS13.5.sdk/ -O3 -DNDEBUG -miphoneos-version-min=6.0 -fembed-bitcode  conftest.c >&5
configure:7896: $? = 0
configure:7896: result: yes
configure:7896: checking for string.h
configure:7896: gcc -c -arch arm64 -pipe -isysroot /Applications/Xcode-11.5.app/Contents/Developer/Platforms/iPhoneOS.platform/Developer/SDKs/iPhoneOS13.5.sdk/ -O3 -DNDEBUG -miphoneos-version-min=6.0 -fembed-bitcode  conftest.c >&5
configure:7896: $? = 0
configure:7896: result: yes
configure:7896: checking for memory.h
configure:7896: gcc -c -arch arm64 -pipe -isysroot /Applications/Xcode-11.5.app/Contents/Developer/Platforms/iPhoneOS.platform/Developer/SDKs/iPhoneOS13.5.sdk/ -O3 -DNDEBUG -miphoneos-version-min=6.0 -fembed-bitcode  conftest.c >&5
configure:7896: $? = 0
configure:7896: result: yes
configure:7896: checking for strings.h
configure:7896: gcc -c -arch arm64 -pipe -isysroot /Applications/Xcode-11.5.app/Contents/Developer/Platforms/iPhoneOS.platform/Developer/SDKs/iPhoneOS13.5.sdk/ -O3 -DNDEBUG -miphoneos-version-min=6.0 -fembed-bitcode  conftest.c >&5
configure:7896: $? = 0
configure:7896: result: yes
configure:7896: checking for inttypes.h
configure:7896: gcc -c -arch arm64 -pipe -isysroot /Applications/Xcode-11.5.app/Contents/Developer/Platforms/iPhoneOS.platform/Developer/SDKs/iPhoneOS13.5.sdk/ -O3 -DNDEBUG -miphoneos-version-min=6.0 -fembed-bitcode  conftest.c >&5
configure:7896: $? = 0
configure:7896: result: yes
configure:7896: checking for stdint.h
configure:7896: gcc -c -arch arm64 -pipe -isysroot /Applications/Xcode-11.5.app/Contents/Developer/Platforms/iPhoneOS.platform/Developer/SDKs/iPhoneOS13.5.sdk/ -O3 -DNDEBUG -miphoneos-version-min=6.0 -fembed-bitcode  conftest.c >&5
configure:7896: $? = 0
configure:7896: result: yes
configure:7896: checking for unistd.h
configure:7896: gcc -c -arch arm64 -pipe -isysroot /Applications/Xcode-11.5.app/Contents/Developer/Platforms/iPhoneOS.platform/Developer/SDKs/iPhoneOS13.5.sdk/ -O3 -DNDEBUG -miphoneos-version-min=6.0 -fembed-bitcode  conftest.c >&5
configure:7896: $? = 0
configure:7896: result: yes
configure:7910: checking for dlfcn.h
configure:7910: gcc -c -arch arm64 -pipe -isysroot /Applications/Xcode-11.5.app/Contents/Developer/Platforms/iPhoneOS.platform/Developer/SDKs/iPhoneOS13.5.sdk/ -O3 -DNDEBUG -miphoneos-version-min=6.0 -fembed-bitcode  conftest.c >&5
configure:7910: $? = 0
configure:7910: result: yes
configure:8166: checking for objdir
configure:8181: result: .libs
configure:8445: checking if gcc supports -fno-rtti -fno-exceptions
configure:8463: gcc -c -arch arm64 -pipe -isysroot /Applications/Xcode-11.5.app/Contents/Developer/Platforms/iPhoneOS.platform/Developer/SDKs/iPhoneOS13.5.sdk/ -O3 -DNDEBUG -miphoneos-version-min=6.0 -fembed-bitcode  -fno-rtti -fno-exceptions conftest.c >&5
configure:8467: $? = 0
configure:8480: result: yes
configure:8838: checking for gcc option to produce PIC
configure:8845: result: -fno-common -DPIC
configure:8853: checking if gcc PIC flag -fno-common -DPIC works
configure:8871: gcc -c -arch arm64 -pipe -isysroot /Applications/Xcode-11.5.app/Contents/Developer/Platforms/iPhoneOS.platform/Developer/SDKs/iPhoneOS13.5.sdk/ -O3 -DNDEBUG -miphoneos-version-min=6.0 -fembed-bitcode  -fno-common -DPIC -DPIC conftest.c >&5
configure:8875: $? = 0
configure:8888: result: yes
configure:8917: checking if gcc static flag -static works
configure:8945: result: no
configure:8960: checking if gcc supports -c -o file.o
configure:8981: gcc -c -arch arm64 -pipe -isysroot /Applications/Xcode-11.5.app/Contents/Developer/Platforms/iPhoneOS.platform/Developer/SDKs/iPhoneOS13.5.sdk/ -O3 -DNDEBUG -miphoneos-version-min=6.0 -fembed-bitcode  -o out/conftest2.o conftest.c >&5
configure:8985: $? = 0
configure:9007: result: yes
configure:9015: checking if gcc supports -c -o file.o
configure:9062: result: yes
configure:9095: checking whether the gcc linker (/Applications/Xcode-11.5.app/Contents/Developer/Toolchains/XcodeDefault.xctoolchain/usr/bin/ld) supports shared libraries
configure:10354: result: yes
configure:10594: checking dynamic linker characteristics
configure:11412: result: darwin dyld
configure:11534: checking how to hardcode library paths into programs
configure:11559: result: immediate
configure:12107: checking whether stripping libraries is possible
configure:12121: result: yes
configure:12147: checking if libtool supports shared libraries
configure:12149: result: yes
configure:12152: checking whether to build shared libraries
configure:12177: result: no
configure:12180: checking whether to build static libraries
configure:12184: result: yes
configure:12221: checking for a sed that does not truncate output
configure:12285: result: /usr/bin/sed
configure:12303: checking whether make supports nested variables
configure:12320: result: yes
configure:12332: checking whether byte ordering is bigendian
configure:12347: gcc -c -arch arm64 -pipe -isysroot /Applications/Xcode-11.5.app/Contents/Developer/Platforms/iPhoneOS.platform/Developer/SDKs/iPhoneOS13.5.sdk/ -O3 -DNDEBUG -miphoneos-version-min=6.0 -fembed-bitcode  conftest.c >&5
configure:12347: $? = 0
configure:12392: gcc -c -arch arm64 -pipe -isysroot /Applications/Xcode-11.5.app/Contents/Developer/Platforms/iPhoneOS.platform/Developer/SDKs/iPhoneOS13.5.sdk/ -O3 -DNDEBUG -miphoneos-version-min=6.0 -fembed-bitcode  conftest.c >&5
configure:12392: $? = 0
configure:12410: gcc -c -arch arm64 -pipe -isysroot /Applications/Xcode-11.5.app/Contents/Developer/Platforms/iPhoneOS.platform/Developer/SDKs/iPhoneOS13.5.sdk/ -O3 -DNDEBUG -miphoneos-version-min=6.0 -fembed-bitcode  conftest.c >&5
conftest.c:30:4: error: use of undeclared identifier 'not'
                 not big endian
                 ^
1 error generated.
configure:12410: $? = 1
configure: failed program was:
| /* confdefs.h */
| #define PACKAGE_NAME "libwebp"
| #define PACKAGE_TARNAME "libwebp"
| #define PACKAGE_VERSION "1.1.0"
| #define PACKAGE_STRING "libwebp 1.1.0"
| #define PACKAGE_BUGREPORT "https://bugs.chromium.org/p/webp"
| #define PACKAGE_URL "http://developers.google.com/speed/webp"
| #define PACKAGE "libwebp"
| #define VERSION "1.1.0"
| #define STDC_HEADERS 1
| #define HAVE_SYS_TYPES_H 1
| #define HAVE_SYS_STAT_H 1
| #define HAVE_STDLIB_H 1
| #define HAVE_STRING_H 1
| #define HAVE_MEMORY_H 1
| #define HAVE_STRINGS_H 1
| #define HAVE_INTTYPES_H 1
| #define HAVE_STDINT_H 1
| #define HAVE_UNISTD_H 1
| #define HAVE_DLFCN_H 1
| #define LT_OBJDIR ".libs/"
| /* end confdefs.h.  */
| #include <sys/types.h>
| 		#include <sys/param.h>
| 
| int
| main ()
| {
| #if BYTE_ORDER != BIG_ENDIAN
| 		 not big endian
| 		#endif
| 
|   ;
|   return 0;
| }
configure:12538: result: no
configure:12569: checking whether asserts are enabled
configure:12579: result: no
configure:12596: checking whether gcc supports -fvisibility=hidden
configure:12602: gcc -c -Werror -fvisibility=hidden  conftest.c >&5
configure:12602: $? = 0
configure:12603: result: yes
configure:12614: checking whether gcc supports -Wall
configure:12620: gcc -c -Werror -Wall  conftest.c >&5
configure:12620: $? = 0
configure:12621: result: yes
configure:12632: checking whether gcc supports -Wconstant-conversion
configure:12638: gcc -c -Werror -Wconstant-conversion  conftest.c >&5
configure:12638: $? = 0
configure:12639: result: yes
configure:12650: checking whether gcc supports -Wdeclaration-after-statement
configure:12656: gcc -c -Werror -Wdeclaration-after-statement  conftest.c >&5
configure:12656: $? = 0
configure:12657: result: yes
configure:12668: checking whether gcc supports -Wextra
configure:12674: gcc -c -Werror -Wextra  conftest.c >&5
configure:12674: $? = 0
configure:12675: result: yes
configure:12686: checking whether gcc supports -Wfloat-conversion
configure:12692: gcc -c -Werror -Wfloat-conversion  conftest.c >&5
configure:12692: $? = 0
configure:12693: result: yes
configure:12704: checking whether gcc supports -Wformat -Wformat-nonliteral
configure:12710: gcc -c -Werror -Wformat -Wformat-nonliteral  conftest.c >&5
configure:12710: $? = 0
configure:12711: result: yes
configure:12722: checking whether gcc supports -Wformat -Wformat-security
configure:12728: gcc -c -Werror -Wformat -Wformat-security  conftest.c >&5
configure:12728: $? = 0
configure:12729: result: yes
configure:12740: checking whether gcc supports -Wmissing-declarations
configure:12746: gcc -c -Werror -Wmissing-declarations  conftest.c >&5
configure:12746: $? = 0
configure:12747: result: yes
configure:12758: checking whether gcc supports -Wmissing-prototypes
configure:12764: gcc -c -Werror -Wmissing-prototypes  conftest.c >&5
configure:12764: $? = 0
configure:12765: result: yes
configure:12776: checking whether gcc supports -Wold-style-definition
configure:12782: gcc -c -Werror -Wold-style-definition  conftest.c >&5
configure:12782: $? = 0
configure:12783: result: yes
configure:12794: checking whether gcc supports -Wparentheses-equality
configure:12800: gcc -c -Werror -Wparentheses-equality  conftest.c >&5
configure:12800: $? = 0
configure:12801: result: yes
configure:12812: checking whether gcc supports -Wshadow
configure:12818: gcc -c -Werror -Wshadow  conftest.c >&5
configure:12818: $? = 0
configure:12819: result: yes
configure:12830: checking whether gcc supports -Wshorten-64-to-32
configure:12836: gcc -c -Werror -Wshorten-64-to-32  conftest.c >&5
configure:12836: $? = 0
configure:12837: result: yes
configure:12848: checking whether gcc supports -Wundef
configure:12854: gcc -c -Werror -Wundef  conftest.c >&5
configure:12854: $? = 0
configure:12855: result: yes
configure:12866: checking whether gcc supports -Wunreachable-code
configure:12872: gcc -c -Werror -Wunreachable-code  conftest.c >&5
configure:12872: $? = 0
configure:12873: result: yes
configure:12884: checking whether gcc supports -Wunused-but-set-variable
configure:12890: gcc -c -Werror -Wunused-but-set-variable  conftest.c >&5
error: unknown warning option '-Wunused-but-set-variable'; did you mean '-Wunused-const-variable'? [-Werror,-Wunknown-warning-option]
configure:12890: $? = 1
configure: failed program was:
| /* confdefs.h */
| #define PACKAGE_NAME "libwebp"
| #define PACKAGE_TARNAME "libwebp"
| #define PACKAGE_VERSION "1.1.0"
| #define PACKAGE_STRING "libwebp 1.1.0"
| #define PACKAGE_BUGREPORT "https://bugs.chromium.org/p/webp"
| #define PACKAGE_URL "http://developers.google.com/speed/webp"
| #define PACKAGE "libwebp"
| #define VERSION "1.1.0"
| #define STDC_HEADERS 1
| #define HAVE_SYS_TYPES_H 1
| #define HAVE_SYS_STAT_H 1
| #define HAVE_STDLIB_H 1
| #define HAVE_STRING_H 1
| #define HAVE_MEMORY_H 1
| #define HAVE_STRINGS_H 1
| #define HAVE_INTTYPES_H 1
| #define HAVE_STDINT_H 1
| #define HAVE_UNISTD_H 1
| #define HAVE_DLFCN_H 1
| #define LT_OBJDIR ".libs/"
| /* end confdefs.h.  */
| int main(void) { return 0; }
configure:12895: result: no
configure:12902: checking whether gcc supports -Wunused
configure:12908: gcc -c -Werror -Wunused  conftest.c >&5
configure:12908: $? = 0
configure:12909: result: yes
configure:12920: checking whether gcc supports -Wvla
configure:12926: gcc -c -Werror -Wvla  conftest.c >&5
configure:12926: $? = 0
configure:12927: result: yes
configure:13028: checking whether gcc supports -msse4.1
configure:13034: gcc -c -Werror -msse4.1  conftest.c >&5
configure:13034: $? = 0
configure:13035: result: yes
configure:13048: checking smmintrin.h usability
configure:13048: gcc -c -arch arm64 -pipe -isysroot /Applications/Xcode-11.5.app/Contents/Developer/Platforms/iPhoneOS.platform/Developer/SDKs/iPhoneOS13.5.sdk/ -O3 -DNDEBUG -miphoneos-version-min=6.0 -fembed-bitcode   -msse4.1  conftest.c >&5
clang: warning: argument unused during compilation: '-msse4.1' [-Wunused-command-line-argument]
In file included from conftest.c:56:
In file included from /Applications/Xcode-11.5.app/Contents/Developer/Toolchains/XcodeDefault.xctoolchain/usr/lib/clang/11.0.3/include/smmintrin.h:13:
In file included from /Applications/Xcode-11.5.app/Contents/Developer/Toolchains/XcodeDefault.xctoolchain/usr/lib/clang/11.0.3/include/tmmintrin.h:13:
In file included from /Applications/Xcode-11.5.app/Contents/Developer/Toolchains/XcodeDefault.xctoolchain/usr/lib/clang/11.0.3/include/pmmintrin.h:13:
In file included from /Applications/Xcode-11.5.app/Contents/Developer/Toolchains/XcodeDefault.xctoolchain/usr/lib/clang/11.0.3/include/emmintrin.h:13:
In file included from /Applications/Xcode-11.5.app/Contents/Developer/Toolchains/XcodeDefault.xctoolchain/usr/lib/clang/11.0.3/include/xmmintrin.h:13:
/Applications/Xcode-11.5.app/Contents/Developer/Toolchains/XcodeDefault.xctoolchain/usr/lib/clang/11.0.3/include/mmintrin.h:50:12: error: invalid conversion between vector type '__m64' (vector of 1 'long long' value) and integer type 'int' of different size
    return (__m64)__builtin_ia32_vec_init_v2si(__i, 0);
           ^~~~~~~~~~~~~~~~~~~~~~~~~~~~~~~~~~~~~~~~~~~
/Applications/Xcode-11.5.app/Contents/Developer/Toolchains/XcodeDefault.xctoolchain/usr/lib/clang/11.0.3/include/mmintrin.h:129:12: error: invalid conversion between vector type '__m64' (vector of 1 'long long' value) and integer type 'int' of different size
    return (__m64)__builtin_ia32_packsswb((__v4hi)__m1, (__v4hi)__m2);
           ^~~~~~~~~~~~~~~~~~~~~~~~~~~~~~~~~~~~~~~~~~~~~~~~~~~~~~~~~~
/Applications/Xcode-11.5.app/Contents/Developer/Toolchains/XcodeDefault.xctoolchain/usr/lib/clang/11.0.3/include/mmintrin.h:159:12: error: invalid conversion between vector type '__m64' (vector of 1 'long long' value) and integer type 'int' of different size
    return (__m64)__builtin_ia32_packssdw((__v2si)__m1, (__v2si)__m2);
           ^~~~~~~~~~~~~~~~~~~~~~~~~~~~~~~~~~~~~~~~~~~~~~~~~~~~~~~~~~
/Applications/Xcode-11.5.app/Contents/Developer/Toolchains/XcodeDefault.xctoolchain/usr/lib/clang/11.0.3/include/mmintrin.h:189:12: error: invalid conversion between vector type '__m64' (vector of 1 'long long' value) and integer type 'int' of different size
    return (__m64)__builtin_ia32_packuswb((__v4hi)__m1, (__v4hi)__m2);
           ^~~~~~~~~~~~~~~~~~~~~~~~~~~~~~~~~~~~~~~~~~~~~~~~~~~~~~~~~~
/Applications/Xcode-11.5.app/Contents/Developer/Toolchains/XcodeDefault.xctoolchain/usr/lib/clang/11.0.3/include/mmintrin.h:216:12: error: invalid conversion between vector type '__m64' (vector of 1 'long long' value) and integer type 'int' of different size
    return (__m64)__builtin_ia32_punpckhbw((__v8qi)__m1, (__v8qi)__m2);
           ^~~~~~~~~~~~~~~~~~~~~~~~~~~~~~~~~~~~~~~~~~~~~~~~~~~~~~~~~~~
/Applications/Xcode-11.5.app/Contents/Developer/Toolchains/XcodeDefault.xctoolchain/usr/lib/clang/11.0.3/include/mmintrin.h:239:12: error: invalid conversion between vector type '__m64' (vector of 1 'long long' value) and integer type 'int' of different size
    return (__m64)__builtin_ia32_punpckhwd((__v4hi)__m1, (__v4hi)__m2);
           ^~~~~~~~~~~~~~~~~~~~~~~~~~~~~~~~~~~~~~~~~~~~~~~~~~~~~~~~~~~
/Applications/Xcode-11.5.app/Contents/Developer/Toolchains/XcodeDefault.xctoolchain/usr/lib/clang/11.0.3/include/mmintrin.h:260:12: error: invalid conversion between vector type '__m64' (vector of 1 'long long' value) and integer type 'int' of different size
    return (__m64)__builtin_ia32_punpckhdq((__v2si)__m1, (__v2si)__m2);
           ^~~~~~~~~~~~~~~~~~~~~~~~~~~~~~~~~~~~~~~~~~~~~~~~~~~~~~~~~~~
/Applications/Xcode-11.5.app/Contents/Developer/Toolchains/XcodeDefault.xctoolchain/usr/lib/clang/11.0.3/include/mmintrin.h:287:12: error: invalid conversion between vector type '__m64' (vector of 1 'long long' value) and integer type 'int' of different size
    return (__m64)__builtin_ia32_punpcklbw((__v8qi)__m1, (__v8qi)__m2);
           ^~~~~~~~~~~~~~~~~~~~~~~~~~~~~~~~~~~~~~~~~~~~~~~~~~~~~~~~~~~
/Applications/Xcode-11.5.app/Contents/Developer/Toolchains/XcodeDefault.xctoolchain/usr/lib/clang/11.0.3/include/mmintrin.h:310:12: error: invalid conversion between vector type '__m64' (vector of 1 'long long' value) and integer type 'int' of different size
    return (__m64)__builtin_ia32_punpcklwd((__v4hi)__m1, (__v4hi)__m2);
           ^~~~~~~~~~~~~~~~~~~~~~~~~~~~~~~~~~~~~~~~~~~~~~~~~~~~~~~~~~~
/Applications/Xcode-11.5.app/Contents/Developer/Toolchains/XcodeDefault.xctoolchain/usr/lib/clang/11.0.3/include/mmintrin.h:331:12: error: invalid conversion between vector type '__m64' (vector of 1 'long long' value) and integer type 'int' of different size
    return (__m64)__builtin_ia32_punpckldq((__v2si)__m1, (__v2si)__m2);
           ^~~~~~~~~~~~~~~~~~~~~~~~~~~~~~~~~~~~~~~~~~~~~~~~~~~~~~~~~~~
/Applications/Xcode-11.5.app/Contents/Developer/Toolchains/XcodeDefault.xctoolchain/usr/lib/clang/11.0.3/include/mmintrin.h:352:12: error: invalid conversion between vector type '__m64' (vector of 1 'long long' value) and integer type 'int' of different size
    return (__m64)__builtin_ia32_paddb((__v8qi)__m1, (__v8qi)__m2);
           ^~~~~~~~~~~~~~~~~~~~~~~~~~~~~~~~~~~~~~~~~~~~~~~~~~~~~~~
/Applications/Xcode-11.5.app/Contents/Developer/Toolchains/XcodeDefault.xctoolchain/usr/lib/clang/11.0.3/include/mmintrin.h:373:12: error: invalid conversion between vector type '__m64' (vector of 1 'long long' value) and integer type 'int' of different size
    return (__m64)__builtin_ia32_paddw((__v4hi)__m1, (__v4hi)__m2);
           ^~~~~~~~~~~~~~~~~~~~~~~~~~~~~~~~~~~~~~~~~~~~~~~~~~~~~~~
/Applications/Xcode-11.5.app/Contents/Developer/Toolchains/XcodeDefault.xctoolchain/usr/lib/clang/11.0.3/include/mmintrin.h:394:12: error: invalid conversion between vector type '__m64' (vector of 1 'long long' value) and integer type 'int' of different size
    return (__m64)__builtin_ia32_paddd((__v2si)__m1, (__v2si)__m2);
           ^~~~~~~~~~~~~~~~~~~~~~~~~~~~~~~~~~~~~~~~~~~~~~~~~~~~~~~
/Applications/Xcode-11.5.app/Contents/Developer/Toolchains/XcodeDefault.xctoolchain/usr/lib/clang/11.0.3/include/mmintrin.h:416:12: error: invalid conversion between vector type '__m64' (vector of 1 'long long' value) and integer type 'int' of different size
    return (__m64)__builtin_ia32_paddsb((__v8qi)__m1, (__v8qi)__m2);
           ^~~~~~~~~~~~~~~~~~~~~~~~~~~~~~~~~~~~~~~~~~~~~~~~~~~~~~~~
/Applications/Xcode-11.5.app/Contents/Developer/Toolchains/XcodeDefault.xctoolchain/usr/lib/clang/11.0.3/include/mmintrin.h:439:12: error: invalid conversion between vector type '__m64' (vector of 1 'long long' value) and integer type 'int' of different size
    return (__m64)__builtin_ia32_paddsw((__v4hi)__m1, (__v4hi)__m2);
           ^~~~~~~~~~~~~~~~~~~~~~~~~~~~~~~~~~~~~~~~~~~~~~~~~~~~~~~~
/Applications/Xcode-11.5.app/Contents/Developer/Toolchains/XcodeDefault.xctoolchain/usr/lib/clang/11.0.3/include/mmintrin.h:461:12: error: invalid conversion between vector type '__m64' (vector of 1 'long long' value) and integer type 'int' of different size
    return (__m64)__builtin_ia32_paddusb((__v8qi)__m1, (__v8qi)__m2);
           ^~~~~~~~~~~~~~~~~~~~~~~~~~~~~~~~~~~~~~~~~~~~~~~~~~~~~~~~~
/Applications/Xcode-11.5.app/Contents/Developer/Toolchains/XcodeDefault.xctoolchain/usr/lib/clang/11.0.3/include/mmintrin.h:483:12: error: invalid conversion between vector type '__m64' (vector of 1 'long long' value) and integer type 'int' of different size
    return (__m64)__builtin_ia32_paddusw((__v4hi)__m1, (__v4hi)__m2);
           ^~~~~~~~~~~~~~~~~~~~~~~~~~~~~~~~~~~~~~~~~~~~~~~~~~~~~~~~~
/Applications/Xcode-11.5.app/Contents/Developer/Toolchains/XcodeDefault.xctoolchain/usr/lib/clang/11.0.3/include/mmintrin.h:504:12: error: invalid conversion between vector type '__m64' (vector of 1 'long long' value) and integer type 'int' of different size
    return (__m64)__builtin_ia32_psubb((__v8qi)__m1, (__v8qi)__m2);
           ^~~~~~~~~~~~~~~~~~~~~~~~~~~~~~~~~~~~~~~~~~~~~~~~~~~~~~~
/Applications/Xcode-11.5.app/Contents/Developer/Toolchains/XcodeDefault.xctoolchain/usr/lib/clang/11.0.3/include/mmintrin.h:525:12: error: invalid conversion between vector type '__m64' (vector of 1 'long long' value) and integer type 'int' of different size
    return (__m64)__builtin_ia32_psubw((__v4hi)__m1, (__v4hi)__m2);
           ^~~~~~~~~~~~~~~~~~~~~~~~~~~~~~~~~~~~~~~~~~~~~~~~~~~~~~~
fatal error: too many errors emitted, stopping now [-ferror-limit=]
20 errors generated.
configure:13048: $? = 1
configure: failed program was:
| /* confdefs.h */
| #define PACKAGE_NAME "libwebp"
| #define PACKAGE_TARNAME "libwebp"
| #define PACKAGE_VERSION "1.1.0"
| #define PACKAGE_STRING "libwebp 1.1.0"
| #define PACKAGE_BUGREPORT "https://bugs.chromium.org/p/webp"
| #define PACKAGE_URL "http://developers.google.com/speed/webp"
| #define PACKAGE "libwebp"
| #define VERSION "1.1.0"
| #define STDC_HEADERS 1
| #define HAVE_SYS_TYPES_H 1
| #define HAVE_SYS_STAT_H 1
| #define HAVE_STDLIB_H 1
| #define HAVE_STRING_H 1
| #define HAVE_MEMORY_H 1
| #define HAVE_STRINGS_H 1
| #define HAVE_INTTYPES_H 1
| #define HAVE_STDINT_H 1
| #define HAVE_UNISTD_H 1
| #define HAVE_DLFCN_H 1
| #define LT_OBJDIR ".libs/"
| /* end confdefs.h.  */
| #include <stdio.h>
| #ifdef HAVE_SYS_TYPES_H
| # include <sys/types.h>
| #endif
| #ifdef HAVE_SYS_STAT_H
| # include <sys/stat.h>
| #endif
| #ifdef STDC_HEADERS
| # include <stdlib.h>
| # include <stddef.h>
| #else
| # ifdef HAVE_STDLIB_H
| #  include <stdlib.h>
| # endif
| #endif
| #ifdef HAVE_STRING_H
| # if !defined STDC_HEADERS && defined HAVE_MEMORY_H
| #  include <memory.h>
| # endif
| # include <string.h>
| #endif
| #ifdef HAVE_STRINGS_H
| # include <strings.h>
| #endif
| #ifdef HAVE_INTTYPES_H
| # include <inttypes.h>
| #endif
| #ifdef HAVE_STDINT_H
| # include <stdint.h>
| #endif
| #ifdef HAVE_UNISTD_H
| # include <unistd.h>
| #endif
| #include <smmintrin.h>
configure:13048: result: no
configure:13048: checking smmintrin.h presence
configure:13048: gcc -E  conftest.c
configure:13048: $? = 0
configure:13048: result: yes
configure:13048: WARNING: smmintrin.h: present but cannot be compiled
configure:13048: WARNING: smmintrin.h:     check for missing prerequisite headers?
configure:13048: WARNING: smmintrin.h: see the Autoconf documentation
configure:13048: WARNING: smmintrin.h:     section "Present But Cannot Be Compiled"
configure:13048: WARNING: smmintrin.h: proceeding with the compiler's result
configure:13048: checking for smmintrin.h
configure:13048: result: no
configure:13074: checking whether gcc supports -msse2
configure:13080: gcc -c -Werror -msse2  conftest.c >&5
configure:13080: $? = 0
configure:13081: result: yes
configure:13094: checking emmintrin.h usability
configure:13094: gcc -c -arch arm64 -pipe -isysroot /Applications/Xcode-11.5.app/Contents/Developer/Platforms/iPhoneOS.platform/Developer/SDKs/iPhoneOS13.5.sdk/ -O3 -DNDEBUG -miphoneos-version-min=6.0 -fembed-bitcode   -msse2  conftest.c >&5
clang: warning: argument unused during compilation: '-msse2' [-Wunused-command-line-argument]
In file included from conftest.c:56:
In file included from /Applications/Xcode-11.5.app/Contents/Developer/Toolchains/XcodeDefault.xctoolchain/usr/lib/clang/11.0.3/include/emmintrin.h:13:
In file included from /Applications/Xcode-11.5.app/Contents/Developer/Toolchains/XcodeDefault.xctoolchain/usr/lib/clang/11.0.3/include/xmmintrin.h:13:
/Applications/Xcode-11.5.app/Contents/Developer/Toolchains/XcodeDefault.xctoolchain/usr/lib/clang/11.0.3/include/mmintrin.h:50:12: error: invalid conversion between vector type '__m64' (vector of 1 'long long' value) and integer type 'int' of different size
    return (__m64)__builtin_ia32_vec_init_v2si(__i, 0);
           ^~~~~~~~~~~~~~~~~~~~~~~~~~~~~~~~~~~~~~~~~~~
/Applications/Xcode-11.5.app/Contents/Developer/Toolchains/XcodeDefault.xctoolchain/usr/lib/clang/11.0.3/include/mmintrin.h:129:12: error: invalid conversion between vector type '__m64' (vector of 1 'long long' value) and integer type 'int' of different size
    return (__m64)__builtin_ia32_packsswb((__v4hi)__m1, (__v4hi)__m2);
           ^~~~~~~~~~~~~~~~~~~~~~~~~~~~~~~~~~~~~~~~~~~~~~~~~~~~~~~~~~
/Applications/Xcode-11.5.app/Contents/Developer/Toolchains/XcodeDefault.xctoolchain/usr/lib/clang/11.0.3/include/mmintrin.h:159:12: error: invalid conversion between vector type '__m64' (vector of 1 'long long' value) and integer type 'int' of different size
    return (__m64)__builtin_ia32_packssdw((__v2si)__m1, (__v2si)__m2);
           ^~~~~~~~~~~~~~~~~~~~~~~~~~~~~~~~~~~~~~~~~~~~~~~~~~~~~~~~~~
/Applications/Xcode-11.5.app/Contents/Developer/Toolchains/XcodeDefault.xctoolchain/usr/lib/clang/11.0.3/include/mmintrin.h:189:12: error: invalid conversion between vector type '__m64' (vector of 1 'long long' value) and integer type 'int' of different size
    return (__m64)__builtin_ia32_packuswb((__v4hi)__m1, (__v4hi)__m2);
           ^~~~~~~~~~~~~~~~~~~~~~~~~~~~~~~~~~~~~~~~~~~~~~~~~~~~~~~~~~
/Applications/Xcode-11.5.app/Contents/Developer/Toolchains/XcodeDefault.xctoolchain/usr/lib/clang/11.0.3/include/mmintrin.h:216:12: error: invalid conversion between vector type '__m64' (vector of 1 'long long' value) and integer type 'int' of different size
    return (__m64)__builtin_ia32_punpckhbw((__v8qi)__m1, (__v8qi)__m2);
           ^~~~~~~~~~~~~~~~~~~~~~~~~~~~~~~~~~~~~~~~~~~~~~~~~~~~~~~~~~~
/Applications/Xcode-11.5.app/Contents/Developer/Toolchains/XcodeDefault.xctoolchain/usr/lib/clang/11.0.3/include/mmintrin.h:239:12: error: invalid conversion between vector type '__m64' (vector of 1 'long long' value) and integer type 'int' of different size
    return (__m64)__builtin_ia32_punpckhwd((__v4hi)__m1, (__v4hi)__m2);
           ^~~~~~~~~~~~~~~~~~~~~~~~~~~~~~~~~~~~~~~~~~~~~~~~~~~~~~~~~~~
/Applications/Xcode-11.5.app/Contents/Developer/Toolchains/XcodeDefault.xctoolchain/usr/lib/clang/11.0.3/include/mmintrin.h:260:12: error: invalid conversion between vector type '__m64' (vector of 1 'long long' value) and integer type 'int' of different size
    return (__m64)__builtin_ia32_punpckhdq((__v2si)__m1, (__v2si)__m2);
           ^~~~~~~~~~~~~~~~~~~~~~~~~~~~~~~~~~~~~~~~~~~~~~~~~~~~~~~~~~~
/Applications/Xcode-11.5.app/Contents/Developer/Toolchains/XcodeDefault.xctoolchain/usr/lib/clang/11.0.3/include/mmintrin.h:287:12: error: invalid conversion between vector type '__m64' (vector of 1 'long long' value) and integer type 'int' of different size
    return (__m64)__builtin_ia32_punpcklbw((__v8qi)__m1, (__v8qi)__m2);
           ^~~~~~~~~~~~~~~~~~~~~~~~~~~~~~~~~~~~~~~~~~~~~~~~~~~~~~~~~~~
/Applications/Xcode-11.5.app/Contents/Developer/Toolchains/XcodeDefault.xctoolchain/usr/lib/clang/11.0.3/include/mmintrin.h:310:12: error: invalid conversion between vector type '__m64' (vector of 1 'long long' value) and integer type 'int' of different size
    return (__m64)__builtin_ia32_punpcklwd((__v4hi)__m1, (__v4hi)__m2);
           ^~~~~~~~~~~~~~~~~~~~~~~~~~~~~~~~~~~~~~~~~~~~~~~~~~~~~~~~~~~
/Applications/Xcode-11.5.app/Contents/Developer/Toolchains/XcodeDefault.xctoolchain/usr/lib/clang/11.0.3/include/mmintrin.h:331:12: error: invalid conversion between vector type '__m64' (vector of 1 'long long' value) and integer type 'int' of different size
    return (__m64)__builtin_ia32_punpckldq((__v2si)__m1, (__v2si)__m2);
           ^~~~~~~~~~~~~~~~~~~~~~~~~~~~~~~~~~~~~~~~~~~~~~~~~~~~~~~~~~~
/Applications/Xcode-11.5.app/Contents/Developer/Toolchains/XcodeDefault.xctoolchain/usr/lib/clang/11.0.3/include/mmintrin.h:352:12: error: invalid conversion between vector type '__m64' (vector of 1 'long long' value) and integer type 'int' of different size
    return (__m64)__builtin_ia32_paddb((__v8qi)__m1, (__v8qi)__m2);
           ^~~~~~~~~~~~~~~~~~~~~~~~~~~~~~~~~~~~~~~~~~~~~~~~~~~~~~~
/Applications/Xcode-11.5.app/Contents/Developer/Toolchains/XcodeDefault.xctoolchain/usr/lib/clang/11.0.3/include/mmintrin.h:373:12: error: invalid conversion between vector type '__m64' (vector of 1 'long long' value) and integer type 'int' of different size
    return (__m64)__builtin_ia32_paddw((__v4hi)__m1, (__v4hi)__m2);
           ^~~~~~~~~~~~~~~~~~~~~~~~~~~~~~~~~~~~~~~~~~~~~~~~~~~~~~~
/Applications/Xcode-11.5.app/Contents/Developer/Toolchains/XcodeDefault.xctoolchain/usr/lib/clang/11.0.3/include/mmintrin.h:394:12: error: invalid conversion between vector type '__m64' (vector of 1 'long long' value) and integer type 'int' of different size
    return (__m64)__builtin_ia32_paddd((__v2si)__m1, (__v2si)__m2);
           ^~~~~~~~~~~~~~~~~~~~~~~~~~~~~~~~~~~~~~~~~~~~~~~~~~~~~~~
/Applications/Xcode-11.5.app/Contents/Developer/Toolchains/XcodeDefault.xctoolchain/usr/lib/clang/11.0.3/include/mmintrin.h:416:12: error: invalid conversion between vector type '__m64' (vector of 1 'long long' value) and integer type 'int' of different size
    return (__m64)__builtin_ia32_paddsb((__v8qi)__m1, (__v8qi)__m2);
           ^~~~~~~~~~~~~~~~~~~~~~~~~~~~~~~~~~~~~~~~~~~~~~~~~~~~~~~~
/Applications/Xcode-11.5.app/Contents/Developer/Toolchains/XcodeDefault.xctoolchain/usr/lib/clang/11.0.3/include/mmintrin.h:439:12: error: invalid conversion between vector type '__m64' (vector of 1 'long long' value) and integer type 'int' of different size
    return (__m64)__builtin_ia32_paddsw((__v4hi)__m1, (__v4hi)__m2);
           ^~~~~~~~~~~~~~~~~~~~~~~~~~~~~~~~~~~~~~~~~~~~~~~~~~~~~~~~
/Applications/Xcode-11.5.app/Contents/Developer/Toolchains/XcodeDefault.xctoolchain/usr/lib/clang/11.0.3/include/mmintrin.h:461:12: error: invalid conversion between vector type '__m64' (vector of 1 'long long' value) and integer type 'int' of different size
    return (__m64)__builtin_ia32_paddusb((__v8qi)__m1, (__v8qi)__m2);
           ^~~~~~~~~~~~~~~~~~~~~~~~~~~~~~~~~~~~~~~~~~~~~~~~~~~~~~~~~
/Applications/Xcode-11.5.app/Contents/Developer/Toolchains/XcodeDefault.xctoolchain/usr/lib/clang/11.0.3/include/mmintrin.h:483:12: error: invalid conversion between vector type '__m64' (vector of 1 'long long' value) and integer type 'int' of different size
    return (__m64)__builtin_ia32_paddusw((__v4hi)__m1, (__v4hi)__m2);
           ^~~~~~~~~~~~~~~~~~~~~~~~~~~~~~~~~~~~~~~~~~~~~~~~~~~~~~~~~
/Applications/Xcode-11.5.app/Contents/Developer/Toolchains/XcodeDefault.xctoolchain/usr/lib/clang/11.0.3/include/mmintrin.h:504:12: error: invalid conversion between vector type '__m64' (vector of 1 'long long' value) and integer type 'int' of different size
    return (__m64)__builtin_ia32_psubb((__v8qi)__m1, (__v8qi)__m2);
           ^~~~~~~~~~~~~~~~~~~~~~~~~~~~~~~~~~~~~~~~~~~~~~~~~~~~~~~
/Applications/Xcode-11.5.app/Contents/Developer/Toolchains/XcodeDefault.xctoolchain/usr/lib/clang/11.0.3/include/mmintrin.h:525:12: error: invalid conversion between vector type '__m64' (vector of 1 'long long' value) and integer type 'int' of different size
    return (__m64)__builtin_ia32_psubw((__v4hi)__m1, (__v4hi)__m2);
           ^~~~~~~~~~~~~~~~~~~~~~~~~~~~~~~~~~~~~~~~~~~~~~~~~~~~~~~
fatal error: too many errors emitted, stopping now [-ferror-limit=]
20 errors generated.
configure:13094: $? = 1
configure: failed program was:
| /* confdefs.h */
| #define PACKAGE_NAME "libwebp"
| #define PACKAGE_TARNAME "libwebp"
| #define PACKAGE_VERSION "1.1.0"
| #define PACKAGE_STRING "libwebp 1.1.0"
| #define PACKAGE_BUGREPORT "https://bugs.chromium.org/p/webp"
| #define PACKAGE_URL "http://developers.google.com/speed/webp"
| #define PACKAGE "libwebp"
| #define VERSION "1.1.0"
| #define STDC_HEADERS 1
| #define HAVE_SYS_TYPES_H 1
| #define HAVE_SYS_STAT_H 1
| #define HAVE_STDLIB_H 1
| #define HAVE_STRING_H 1
| #define HAVE_MEMORY_H 1
| #define HAVE_STRINGS_H 1
| #define HAVE_INTTYPES_H 1
| #define HAVE_STDINT_H 1
| #define HAVE_UNISTD_H 1
| #define HAVE_DLFCN_H 1
| #define LT_OBJDIR ".libs/"
| /* end confdefs.h.  */
| #include <stdio.h>
| #ifdef HAVE_SYS_TYPES_H
| # include <sys/types.h>
| #endif
| #ifdef HAVE_SYS_STAT_H
| # include <sys/stat.h>
| #endif
| #ifdef STDC_HEADERS
| # include <stdlib.h>
| # include <stddef.h>
| #else
| # ifdef HAVE_STDLIB_H
| #  include <stdlib.h>
| # endif
| #endif
| #ifdef HAVE_STRING_H
| # if !defined STDC_HEADERS && defined HAVE_MEMORY_H
| #  include <memory.h>
| # endif
| # include <string.h>
| #endif
| #ifdef HAVE_STRINGS_H
| # include <strings.h>
| #endif
| #ifdef HAVE_INTTYPES_H
| # include <inttypes.h>
| #endif
| #ifdef HAVE_STDINT_H
| # include <stdint.h>
| #endif
| #ifdef HAVE_UNISTD_H
| # include <unistd.h>
| #endif
| #include <emmintrin.h>
configure:13094: result: no
configure:13094: checking emmintrin.h presence
configure:13094: gcc -E  conftest.c
configure:13094: $? = 0
configure:13094: result: yes
configure:13094: WARNING: emmintrin.h: present but cannot be compiled
configure:13094: WARNING: emmintrin.h:     check for missing prerequisite headers?
configure:13094: WARNING: emmintrin.h: see the Autoconf documentation
configure:13094: WARNING: emmintrin.h:     section "Present But Cannot Be Compiled"
configure:13094: WARNING: emmintrin.h: proceeding with the compiler's result
configure:13094: checking for emmintrin.h
configure:13094: result: no
configure:13247: checking for __builtin_bswap16
configure:13260: gcc -o conftest -arch arm64 -pipe -isysroot /Applications/Xcode-11.5.app/Contents/Developer/Platforms/iPhoneOS.platform/Developer/SDKs/iPhoneOS13.5.sdk/ -O3 -DNDEBUG -miphoneos-version-min=6.0 -fembed-bitcode   conftest.c  >&5
configure:13260: $? = 0
configure:13261: result: yes
configure:13284: checking for __builtin_bswap32
configure:13297: gcc -o conftest -arch arm64 -pipe -isysroot /Applications/Xcode-11.5.app/Contents/Developer/Platforms/iPhoneOS.platform/Developer/SDKs/iPhoneOS13.5.sdk/ -O3 -DNDEBUG -miphoneos-version-min=6.0 -fembed-bitcode   conftest.c  >&5
configure:13297: $? = 0
configure:13298: result: yes
configure:13321: checking for __builtin_bswap64
configure:13334: gcc -o conftest -arch arm64 -pipe -isysroot /Applications/Xcode-11.5.app/Contents/Developer/Platforms/iPhoneOS.platform/Developer/SDKs/iPhoneOS13.5.sdk/ -O3 -DNDEBUG -miphoneos-version-min=6.0 -fembed-bitcode   conftest.c  >&5
configure:13334: $? = 0
configure:13335: result: yes
configure:13361: checking for threading support...
configure:13475: checking if compiler needs -Werror to reject unknown flags
configure:13491: gcc -c -arch arm64 -pipe -isysroot /Applications/Xcode-11.5.app/Contents/Developer/Platforms/iPhoneOS.platform/Developer/SDKs/iPhoneOS13.5.sdk/ -O3 -DNDEBUG -miphoneos-version-min=6.0 -fembed-bitcode -Werror -Wunknown-warning-option -Wsizeof-array-argument  conftest.c >&5
configure:13491: $? = 0
configure:13492: result: yes
configure:13512: checking whether pthreads work with -pthread
configure:13600: gcc -o conftest -arch arm64 -pipe -isysroot /Applications/Xcode-11.5.app/Contents/Developer/Platforms/iPhoneOS.platform/Developer/SDKs/iPhoneOS13.5.sdk/ -O3 -DNDEBUG -miphoneos-version-min=6.0 -fembed-bitcode -pthread -Werror   conftest.c   >&5
configure:13600: $? = 0
configure:13609: result: yes
configure:13628: checking for joinable pthread attribute
configure:13643: gcc -o conftest -arch arm64 -pipe -isysroot /Applications/Xcode-11.5.app/Contents/Developer/Platforms/iPhoneOS.platform/Developer/SDKs/iPhoneOS13.5.sdk/ -O3 -DNDEBUG -miphoneos-version-min=6.0 -fembed-bitcode -pthread   conftest.c   >&5
configure:13643: $? = 0
configure:13649: result: PTHREAD_CREATE_JOINABLE
configure:13659: checking if more special flags are required for pthreads
configure:13674: result: -D_THREAD_SAFE
configure:13680: checking for PTHREAD_PRIO_INHERIT
configure:13697: gcc -o conftest -arch arm64 -pipe -isysroot /Applications/Xcode-11.5.app/Contents/Developer/Platforms/iPhoneOS.platform/Developer/SDKs/iPhoneOS13.5.sdk/ -O3 -DNDEBUG -miphoneos-version-min=6.0 -fembed-bitcode -pthread   conftest.c   >&5
configure:13697: $? = 0
configure:13706: result: yes
configure:13818: checking if threading is enabled... yes
configure:13859: checking whether gcc supports -Wno-deprecated-declarations
configure:13865: gcc -c -Werror -Wno-deprecated-declarations   conftest.c >&5
configure:13865: $? = 0
configure:13866: result: yes
configure:13894: checking GL/glut.h usability
configure:13894: gcc -c -arch arm64 -pipe -isysroot /Applications/Xcode-11.5.app/Contents/Developer/Platforms/iPhoneOS.platform/Developer/SDKs/iPhoneOS13.5.sdk/ -O3 -DNDEBUG -miphoneos-version-min=6.0 -fembed-bitcode -D_THREAD_SAFE -pthread   conftest.c >&5
conftest.c:61:10: fatal error: 'GL/glut.h' file not found
#include <GL/glut.h>
         ^~~~~~~~~~~
1 error generated.
configure:13894: $? = 1
configure: failed program was:
| /* confdefs.h */
| #define PACKAGE_NAME "libwebp"
| #define PACKAGE_TARNAME "libwebp"
| #define PACKAGE_VERSION "1.1.0"
| #define PACKAGE_STRING "libwebp 1.1.0"
| #define PACKAGE_BUGREPORT "https://bugs.chromium.org/p/webp"
| #define PACKAGE_URL "http://developers.google.com/speed/webp"
| #define PACKAGE "libwebp"
| #define VERSION "1.1.0"
| #define STDC_HEADERS 1
| #define HAVE_SYS_TYPES_H 1
| #define HAVE_SYS_STAT_H 1
| #define HAVE_STDLIB_H 1
| #define HAVE_STRING_H 1
| #define HAVE_MEMORY_H 1
| #define HAVE_STRINGS_H 1
| #define HAVE_INTTYPES_H 1
| #define HAVE_STDINT_H 1
| #define HAVE_UNISTD_H 1
| #define HAVE_DLFCN_H 1
| #define LT_OBJDIR ".libs/"
| #define HAVE_BUILTIN_BSWAP16 1
| #define HAVE_BUILTIN_BSWAP32 1
| #define HAVE_BUILTIN_BSWAP64 1
| #define HAVE_PTHREAD_PRIO_INHERIT 1
| #define WEBP_USE_THREAD 1
| /* end confdefs.h.  */
| #include <stdio.h>
| #ifdef HAVE_SYS_TYPES_H
| # include <sys/types.h>
| #endif
| #ifdef HAVE_SYS_STAT_H
| # include <sys/stat.h>
| #endif
| #ifdef STDC_HEADERS
| # include <stdlib.h>
| # include <stddef.h>
| #else
| # ifdef HAVE_STDLIB_H
| #  include <stdlib.h>
| # endif
| #endif
| #ifdef HAVE_STRING_H
| # if !defined STDC_HEADERS && defined HAVE_MEMORY_H
| #  include <memory.h>
| # endif
| # include <string.h>
| #endif
| #ifdef HAVE_STRINGS_H
| # include <strings.h>
| #endif
| #ifdef HAVE_INTTYPES_H
| # include <inttypes.h>
| #endif
| #ifdef HAVE_STDINT_H
| # include <stdint.h>
| #endif
| #ifdef HAVE_UNISTD_H
| # include <unistd.h>
| #endif
| #include <GL/glut.h>
configure:13894: result: no
configure:13894: checking GL/glut.h presence
configure:13894: gcc -E   conftest.c
conftest.c:28:10: fatal error: 'GL/glut.h' file not found
#include <GL/glut.h>
         ^~~~~~~~~~~
1 error generated.
configure:13894: $? = 1
configure: failed program was:
| /* confdefs.h */
| #define PACKAGE_NAME "libwebp"
| #define PACKAGE_TARNAME "libwebp"
| #define PACKAGE_VERSION "1.1.0"
| #define PACKAGE_STRING "libwebp 1.1.0"
| #define PACKAGE_BUGREPORT "https://bugs.chromium.org/p/webp"
| #define PACKAGE_URL "http://developers.google.com/speed/webp"
| #define PACKAGE "libwebp"
| #define VERSION "1.1.0"
| #define STDC_HEADERS 1
| #define HAVE_SYS_TYPES_H 1
| #define HAVE_SYS_STAT_H 1
| #define HAVE_STDLIB_H 1
| #define HAVE_STRING_H 1
| #define HAVE_MEMORY_H 1
| #define HAVE_STRINGS_H 1
| #define HAVE_INTTYPES_H 1
| #define HAVE_STDINT_H 1
| #define HAVE_UNISTD_H 1
| #define HAVE_DLFCN_H 1
| #define LT_OBJDIR ".libs/"
| #define HAVE_BUILTIN_BSWAP16 1
| #define HAVE_BUILTIN_BSWAP32 1
| #define HAVE_BUILTIN_BSWAP64 1
| #define HAVE_PTHREAD_PRIO_INHERIT 1
| #define WEBP_USE_THREAD 1
| /* end confdefs.h.  */
| #include <GL/glut.h>
configure:13894: result: no
configure:13894: checking for GL/glut.h
configure:13894: result: no
configure:13894: checking GLUT/glut.h usability
configure:13894: gcc -c -arch arm64 -pipe -isysroot /Applications/Xcode-11.5.app/Contents/Developer/Platforms/iPhoneOS.platform/Developer/SDKs/iPhoneOS13.5.sdk/ -O3 -DNDEBUG -miphoneos-version-min=6.0 -fembed-bitcode -D_THREAD_SAFE -pthread   conftest.c >&5
conftest.c:61:10: fatal error: 'GLUT/glut.h' file not found
#include <GLUT/glut.h>
         ^~~~~~~~~~~~~
1 error generated.
configure:13894: $? = 1
configure: failed program was:
| /* confdefs.h */
| #define PACKAGE_NAME "libwebp"
| #define PACKAGE_TARNAME "libwebp"
| #define PACKAGE_VERSION "1.1.0"
| #define PACKAGE_STRING "libwebp 1.1.0"
| #define PACKAGE_BUGREPORT "https://bugs.chromium.org/p/webp"
| #define PACKAGE_URL "http://developers.google.com/speed/webp"
| #define PACKAGE "libwebp"
| #define VERSION "1.1.0"
| #define STDC_HEADERS 1
| #define HAVE_SYS_TYPES_H 1
| #define HAVE_SYS_STAT_H 1
| #define HAVE_STDLIB_H 1
| #define HAVE_STRING_H 1
| #define HAVE_MEMORY_H 1
| #define HAVE_STRINGS_H 1
| #define HAVE_INTTYPES_H 1
| #define HAVE_STDINT_H 1
| #define HAVE_UNISTD_H 1
| #define HAVE_DLFCN_H 1
| #define LT_OBJDIR ".libs/"
| #define HAVE_BUILTIN_BSWAP16 1
| #define HAVE_BUILTIN_BSWAP32 1
| #define HAVE_BUILTIN_BSWAP64 1
| #define HAVE_PTHREAD_PRIO_INHERIT 1
| #define WEBP_USE_THREAD 1
| /* end confdefs.h.  */
| #include <stdio.h>
| #ifdef HAVE_SYS_TYPES_H
| # include <sys/types.h>
| #endif
| #ifdef HAVE_SYS_STAT_H
| # include <sys/stat.h>
| #endif
| #ifdef STDC_HEADERS
| # include <stdlib.h>
| # include <stddef.h>
| #else
| # ifdef HAVE_STDLIB_H
| #  include <stdlib.h>
| # endif
| #endif
| #ifdef HAVE_STRING_H
| # if !defined STDC_HEADERS && defined HAVE_MEMORY_H
| #  include <memory.h>
| # endif
| # include <string.h>
| #endif
| #ifdef HAVE_STRINGS_H
| # include <strings.h>
| #endif
| #ifdef HAVE_INTTYPES_H
| # include <inttypes.h>
| #endif
| #ifdef HAVE_STDINT_H
| # include <stdint.h>
| #endif
| #ifdef HAVE_UNISTD_H
| # include <unistd.h>
| #endif
| #include <GLUT/glut.h>
configure:13894: result: no
configure:13894: checking GLUT/glut.h presence
configure:13894: gcc -E   conftest.c
configure:13894: $? = 0
configure:13894: result: yes
configure:13894: WARNING: GLUT/glut.h: present but cannot be compiled
configure:13894: WARNING: GLUT/glut.h:     check for missing prerequisite headers?
configure:13894: WARNING: GLUT/glut.h: see the Autoconf documentation
configure:13894: WARNING: GLUT/glut.h:     section "Present But Cannot Be Compiled"
configure:13894: WARNING: GLUT/glut.h: proceeding with the compiler's result
configure:13894: checking for GLUT/glut.h
configure:13894: result: no
configure:13894: checking OpenGL/glut.h usability
configure:13894: gcc -c -arch arm64 -pipe -isysroot /Applications/Xcode-11.5.app/Contents/Developer/Platforms/iPhoneOS.platform/Developer/SDKs/iPhoneOS13.5.sdk/ -O3 -DNDEBUG -miphoneos-version-min=6.0 -fembed-bitcode -D_THREAD_SAFE -pthread   conftest.c >&5
conftest.c:61:10: fatal error: 'OpenGL/glut.h' file not found
#include <OpenGL/glut.h>
         ^~~~~~~~~~~~~~~
1 error generated.
configure:13894: $? = 1
configure: failed program was:
| /* confdefs.h */
| #define PACKAGE_NAME "libwebp"
| #define PACKAGE_TARNAME "libwebp"
| #define PACKAGE_VERSION "1.1.0"
| #define PACKAGE_STRING "libwebp 1.1.0"
| #define PACKAGE_BUGREPORT "https://bugs.chromium.org/p/webp"
| #define PACKAGE_URL "http://developers.google.com/speed/webp"
| #define PACKAGE "libwebp"
| #define VERSION "1.1.0"
| #define STDC_HEADERS 1
| #define HAVE_SYS_TYPES_H 1
| #define HAVE_SYS_STAT_H 1
| #define HAVE_STDLIB_H 1
| #define HAVE_STRING_H 1
| #define HAVE_MEMORY_H 1
| #define HAVE_STRINGS_H 1
| #define HAVE_INTTYPES_H 1
| #define HAVE_STDINT_H 1
| #define HAVE_UNISTD_H 1
| #define HAVE_DLFCN_H 1
| #define LT_OBJDIR ".libs/"
| #define HAVE_BUILTIN_BSWAP16 1
| #define HAVE_BUILTIN_BSWAP32 1
| #define HAVE_BUILTIN_BSWAP64 1
| #define HAVE_PTHREAD_PRIO_INHERIT 1
| #define WEBP_USE_THREAD 1
| /* end confdefs.h.  */
| #include <stdio.h>
| #ifdef HAVE_SYS_TYPES_H
| # include <sys/types.h>
| #endif
| #ifdef HAVE_SYS_STAT_H
| # include <sys/stat.h>
| #endif
| #ifdef STDC_HEADERS
| # include <stdlib.h>
| # include <stddef.h>
| #else
| # ifdef HAVE_STDLIB_H
| #  include <stdlib.h>
| # endif
| #endif
| #ifdef HAVE_STRING_H
| # if !defined STDC_HEADERS && defined HAVE_MEMORY_H
| #  include <memory.h>
| # endif
| # include <string.h>
| #endif
| #ifdef HAVE_STRINGS_H
| # include <strings.h>
| #endif
| #ifdef HAVE_INTTYPES_H
| # include <inttypes.h>
| #endif
| #ifdef HAVE_STDINT_H
| # include <stdint.h>
| #endif
| #ifdef HAVE_UNISTD_H
| # include <unistd.h>
| #endif
| #include <OpenGL/glut.h>
configure:13894: result: no
configure:13894: checking OpenGL/glut.h presence
configure:13894: gcc -E   conftest.c
conftest.c:28:10: fatal error: 'OpenGL/glut.h' file not found
#include <OpenGL/glut.h>
         ^~~~~~~~~~~~~~~
conftest.c:28:10: note: did not find header 'glut.h' in framework 'OpenGL' (loaded from '/Applications/Xcode-11.5.app/Contents/Developer/Platforms/MacOSX.platform/Developer/SDKs/MacOSX.sdk/System/Library/Frameworks')
1 error generated.
configure:13894: $? = 1
configure: failed program was:
| /* confdefs.h */
| #define PACKAGE_NAME "libwebp"
| #define PACKAGE_TARNAME "libwebp"
| #define PACKAGE_VERSION "1.1.0"
| #define PACKAGE_STRING "libwebp 1.1.0"
| #define PACKAGE_BUGREPORT "https://bugs.chromium.org/p/webp"
| #define PACKAGE_URL "http://developers.google.com/speed/webp"
| #define PACKAGE "libwebp"
| #define VERSION "1.1.0"
| #define STDC_HEADERS 1
| #define HAVE_SYS_TYPES_H 1
| #define HAVE_SYS_STAT_H 1
| #define HAVE_STDLIB_H 1
| #define HAVE_STRING_H 1
| #define HAVE_MEMORY_H 1
| #define HAVE_STRINGS_H 1
| #define HAVE_INTTYPES_H 1
| #define HAVE_STDINT_H 1
| #define HAVE_UNISTD_H 1
| #define HAVE_DLFCN_H 1
| #define LT_OBJDIR ".libs/"
| #define HAVE_BUILTIN_BSWAP16 1
| #define HAVE_BUILTIN_BSWAP32 1
| #define HAVE_BUILTIN_BSWAP64 1
| #define HAVE_PTHREAD_PRIO_INHERIT 1
| #define WEBP_USE_THREAD 1
| /* end confdefs.h.  */
| #include <OpenGL/glut.h>
configure:13894: result: no
configure:13894: checking for OpenGL/glut.h
configure:13894: result: no
configure:13894: checking GL/glut.h usability
configure:13894: gcc -c -arch arm64 -pipe -isysroot /Applications/Xcode-11.5.app/Contents/Developer/Platforms/iPhoneOS.platform/Developer/SDKs/iPhoneOS13.5.sdk/ -O3 -DNDEBUG -miphoneos-version-min=6.0 -fembed-bitcode -D_THREAD_SAFE -pthread -framework GLUT -framework OpenGL   conftest.c >&5
clang: warning: -framework GLUT: 'linker' input unused [-Wunused-command-line-argument]
clang: warning: -framework OpenGL: 'linker' input unused [-Wunused-command-line-argument]
conftest.c:61:10: fatal error: 'GL/glut.h' file not found
#include <GL/glut.h>
         ^~~~~~~~~~~
1 error generated.
configure:13894: $? = 1
configure: failed program was:
| /* confdefs.h */
| #define PACKAGE_NAME "libwebp"
| #define PACKAGE_TARNAME "libwebp"
| #define PACKAGE_VERSION "1.1.0"
| #define PACKAGE_STRING "libwebp 1.1.0"
| #define PACKAGE_BUGREPORT "https://bugs.chromium.org/p/webp"
| #define PACKAGE_URL "http://developers.google.com/speed/webp"
| #define PACKAGE "libwebp"
| #define VERSION "1.1.0"
| #define STDC_HEADERS 1
| #define HAVE_SYS_TYPES_H 1
| #define HAVE_SYS_STAT_H 1
| #define HAVE_STDLIB_H 1
| #define HAVE_STRING_H 1
| #define HAVE_MEMORY_H 1
| #define HAVE_STRINGS_H 1
| #define HAVE_INTTYPES_H 1
| #define HAVE_STDINT_H 1
| #define HAVE_UNISTD_H 1
| #define HAVE_DLFCN_H 1
| #define LT_OBJDIR ".libs/"
| #define HAVE_BUILTIN_BSWAP16 1
| #define HAVE_BUILTIN_BSWAP32 1
| #define HAVE_BUILTIN_BSWAP64 1
| #define HAVE_PTHREAD_PRIO_INHERIT 1
| #define WEBP_USE_THREAD 1
| /* end confdefs.h.  */
| #include <stdio.h>
| #ifdef HAVE_SYS_TYPES_H
| # include <sys/types.h>
| #endif
| #ifdef HAVE_SYS_STAT_H
| # include <sys/stat.h>
| #endif
| #ifdef STDC_HEADERS
| # include <stdlib.h>
| # include <stddef.h>
| #else
| # ifdef HAVE_STDLIB_H
| #  include <stdlib.h>
| # endif
| #endif
| #ifdef HAVE_STRING_H
| # if !defined STDC_HEADERS && defined HAVE_MEMORY_H
| #  include <memory.h>
| # endif
| # include <string.h>
| #endif
| #ifdef HAVE_STRINGS_H
| # include <strings.h>
| #endif
| #ifdef HAVE_INTTYPES_H
| # include <inttypes.h>
| #endif
| #ifdef HAVE_STDINT_H
| # include <stdint.h>
| #endif
| #ifdef HAVE_UNISTD_H
| # include <unistd.h>
| #endif
| #include <GL/glut.h>
configure:13894: result: no
configure:13894: checking GL/glut.h presence
configure:13894: gcc -E -framework GLUT -framework OpenGL   conftest.c
clang: warning: -framework GLUT: 'linker' input unused [-Wunused-command-line-argument]
clang: warning: -framework OpenGL: 'linker' input unused [-Wunused-command-line-argument]
conftest.c:28:10: fatal error: 'GL/glut.h' file not found
#include <GL/glut.h>
         ^~~~~~~~~~~
1 error generated.
configure:13894: $? = 1
configure: failed program was:
| /* confdefs.h */
| #define PACKAGE_NAME "libwebp"
| #define PACKAGE_TARNAME "libwebp"
| #define PACKAGE_VERSION "1.1.0"
| #define PACKAGE_STRING "libwebp 1.1.0"
| #define PACKAGE_BUGREPORT "https://bugs.chromium.org/p/webp"
| #define PACKAGE_URL "http://developers.google.com/speed/webp"
| #define PACKAGE "libwebp"
| #define VERSION "1.1.0"
| #define STDC_HEADERS 1
| #define HAVE_SYS_TYPES_H 1
| #define HAVE_SYS_STAT_H 1
| #define HAVE_STDLIB_H 1
| #define HAVE_STRING_H 1
| #define HAVE_MEMORY_H 1
| #define HAVE_STRINGS_H 1
| #define HAVE_INTTYPES_H 1
| #define HAVE_STDINT_H 1
| #define HAVE_UNISTD_H 1
| #define HAVE_DLFCN_H 1
| #define LT_OBJDIR ".libs/"
| #define HAVE_BUILTIN_BSWAP16 1
| #define HAVE_BUILTIN_BSWAP32 1
| #define HAVE_BUILTIN_BSWAP64 1
| #define HAVE_PTHREAD_PRIO_INHERIT 1
| #define WEBP_USE_THREAD 1
| /* end confdefs.h.  */
| #include <GL/glut.h>
configure:13894: result: no
configure:13894: checking for GL/glut.h
configure:13894: result: no
configure:13894: checking for GLUT/glut.h
configure:13894: result: no
configure:13894: checking OpenGL/glut.h usability
configure:13894: gcc -c -arch arm64 -pipe -isysroot /Applications/Xcode-11.5.app/Contents/Developer/Platforms/iPhoneOS.platform/Developer/SDKs/iPhoneOS13.5.sdk/ -O3 -DNDEBUG -miphoneos-version-min=6.0 -fembed-bitcode -D_THREAD_SAFE -pthread -framework GLUT -framework OpenGL   conftest.c >&5
clang: warning: -framework GLUT: 'linker' input unused [-Wunused-command-line-argument]
clang: warning: -framework OpenGL: 'linker' input unused [-Wunused-command-line-argument]
conftest.c:61:10: fatal error: 'OpenGL/glut.h' file not found
#include <OpenGL/glut.h>
         ^~~~~~~~~~~~~~~
1 error generated.
configure:13894: $? = 1
configure: failed program was:
| /* confdefs.h */
| #define PACKAGE_NAME "libwebp"
| #define PACKAGE_TARNAME "libwebp"
| #define PACKAGE_VERSION "1.1.0"
| #define PACKAGE_STRING "libwebp 1.1.0"
| #define PACKAGE_BUGREPORT "https://bugs.chromium.org/p/webp"
| #define PACKAGE_URL "http://developers.google.com/speed/webp"
| #define PACKAGE "libwebp"
| #define VERSION "1.1.0"
| #define STDC_HEADERS 1
| #define HAVE_SYS_TYPES_H 1
| #define HAVE_SYS_STAT_H 1
| #define HAVE_STDLIB_H 1
| #define HAVE_STRING_H 1
| #define HAVE_MEMORY_H 1
| #define HAVE_STRINGS_H 1
| #define HAVE_INTTYPES_H 1
| #define HAVE_STDINT_H 1
| #define HAVE_UNISTD_H 1
| #define HAVE_DLFCN_H 1
| #define LT_OBJDIR ".libs/"
| #define HAVE_BUILTIN_BSWAP16 1
| #define HAVE_BUILTIN_BSWAP32 1
| #define HAVE_BUILTIN_BSWAP64 1
| #define HAVE_PTHREAD_PRIO_INHERIT 1
| #define WEBP_USE_THREAD 1
| /* end confdefs.h.  */
| #include <stdio.h>
| #ifdef HAVE_SYS_TYPES_H
| # include <sys/types.h>
| #endif
| #ifdef HAVE_SYS_STAT_H
| # include <sys/stat.h>
| #endif
| #ifdef STDC_HEADERS
| # include <stdlib.h>
| # include <stddef.h>
| #else
| # ifdef HAVE_STDLIB_H
| #  include <stdlib.h>
| # endif
| #endif
| #ifdef HAVE_STRING_H
| # if !defined STDC_HEADERS && defined HAVE_MEMORY_H
| #  include <memory.h>
| # endif
| # include <string.h>
| #endif
| #ifdef HAVE_STRINGS_H
| # include <strings.h>
| #endif
| #ifdef HAVE_INTTYPES_H
| # include <inttypes.h>
| #endif
| #ifdef HAVE_STDINT_H
| # include <stdint.h>
| #endif
| #ifdef HAVE_UNISTD_H
| # include <unistd.h>
| #endif
| #include <OpenGL/glut.h>
configure:13894: result: no
configure:13894: checking OpenGL/glut.h presence
configure:13894: gcc -E -framework GLUT -framework OpenGL   conftest.c
clang: warning: -framework GLUT: 'linker' input unused [-Wunused-command-line-argument]
clang: warning: -framework OpenGL: 'linker' input unused [-Wunused-command-line-argument]
conftest.c:28:10: fatal error: 'OpenGL/glut.h' file not found
#include <OpenGL/glut.h>
         ^~~~~~~~~~~~~~~
conftest.c:28:10: note: did not find header 'glut.h' in framework 'OpenGL' (loaded from '/Applications/Xcode-11.5.app/Contents/Developer/Platforms/MacOSX.platform/Developer/SDKs/MacOSX.sdk/System/Library/Frameworks')
1 error generated.
configure:13894: $? = 1
configure: failed program was:
| /* confdefs.h */
| #define PACKAGE_NAME "libwebp"
| #define PACKAGE_TARNAME "libwebp"
| #define PACKAGE_VERSION "1.1.0"
| #define PACKAGE_STRING "libwebp 1.1.0"
| #define PACKAGE_BUGREPORT "https://bugs.chromium.org/p/webp"
| #define PACKAGE_URL "http://developers.google.com/speed/webp"
| #define PACKAGE "libwebp"
| #define VERSION "1.1.0"
| #define STDC_HEADERS 1
| #define HAVE_SYS_TYPES_H 1
| #define HAVE_SYS_STAT_H 1
| #define HAVE_STDLIB_H 1
| #define HAVE_STRING_H 1
| #define HAVE_MEMORY_H 1
| #define HAVE_STRINGS_H 1
| #define HAVE_INTTYPES_H 1
| #define HAVE_STDINT_H 1
| #define HAVE_UNISTD_H 1
| #define HAVE_DLFCN_H 1
| #define LT_OBJDIR ".libs/"
| #define HAVE_BUILTIN_BSWAP16 1
| #define HAVE_BUILTIN_BSWAP32 1
| #define HAVE_BUILTIN_BSWAP64 1
| #define HAVE_PTHREAD_PRIO_INHERIT 1
| #define WEBP_USE_THREAD 1
| /* end confdefs.h.  */
| #include <OpenGL/glut.h>
configure:13894: result: no
configure:13894: checking for OpenGL/glut.h
configure:13894: result: no
configure:14076: checking for sdl-config
configure:14109: result: no
configure:14140: checking SDL/SDL.h usability
configure:14140: gcc -c -arch arm64 -pipe -isysroot /Applications/Xcode-11.5.app/Contents/Developer/Platforms/iPhoneOS.platform/Developer/SDKs/iPhoneOS13.5.sdk/ -O3 -DNDEBUG -miphoneos-version-min=6.0 -fembed-bitcode -D_THREAD_SAFE -pthread   conftest.c >&5
conftest.c:61:10: fatal error: 'SDL/SDL.h' file not found
#include <SDL/SDL.h>
         ^~~~~~~~~~~
1 error generated.
configure:14140: $? = 1
configure: failed program was:
| /* confdefs.h */
| #define PACKAGE_NAME "libwebp"
| #define PACKAGE_TARNAME "libwebp"
| #define PACKAGE_VERSION "1.1.0"
| #define PACKAGE_STRING "libwebp 1.1.0"
| #define PACKAGE_BUGREPORT "https://bugs.chromium.org/p/webp"
| #define PACKAGE_URL "http://developers.google.com/speed/webp"
| #define PACKAGE "libwebp"
| #define VERSION "1.1.0"
| #define STDC_HEADERS 1
| #define HAVE_SYS_TYPES_H 1
| #define HAVE_SYS_STAT_H 1
| #define HAVE_STDLIB_H 1
| #define HAVE_STRING_H 1
| #define HAVE_MEMORY_H 1
| #define HAVE_STRINGS_H 1
| #define HAVE_INTTYPES_H 1
| #define HAVE_STDINT_H 1
| #define HAVE_UNISTD_H 1
| #define HAVE_DLFCN_H 1
| #define LT_OBJDIR ".libs/"
| #define HAVE_BUILTIN_BSWAP16 1
| #define HAVE_BUILTIN_BSWAP32 1
| #define HAVE_BUILTIN_BSWAP64 1
| #define HAVE_PTHREAD_PRIO_INHERIT 1
| #define WEBP_USE_THREAD 1
| /* end confdefs.h.  */
| #include <stdio.h>
| #ifdef HAVE_SYS_TYPES_H
| # include <sys/types.h>
| #endif
| #ifdef HAVE_SYS_STAT_H
| # include <sys/stat.h>
| #endif
| #ifdef STDC_HEADERS
| # include <stdlib.h>
| # include <stddef.h>
| #else
| # ifdef HAVE_STDLIB_H
| #  include <stdlib.h>
| # endif
| #endif
| #ifdef HAVE_STRING_H
| # if !defined STDC_HEADERS && defined HAVE_MEMORY_H
| #  include <memory.h>
| # endif
| # include <string.h>
| #endif
| #ifdef HAVE_STRINGS_H
| # include <strings.h>
| #endif
| #ifdef HAVE_INTTYPES_H
| # include <inttypes.h>
| #endif
| #ifdef HAVE_STDINT_H
| # include <stdint.h>
| #endif
| #ifdef HAVE_UNISTD_H
| # include <unistd.h>
| #endif
| #include <SDL/SDL.h>
configure:14140: result: no
configure:14140: checking SDL/SDL.h presence
configure:14140: gcc -E   conftest.c
conftest.c:28:10: fatal error: 'SDL/SDL.h' file not found
#include <SDL/SDL.h>
         ^~~~~~~~~~~
1 error generated.
configure:14140: $? = 1
configure: failed program was:
| /* confdefs.h */
| #define PACKAGE_NAME "libwebp"
| #define PACKAGE_TARNAME "libwebp"
| #define PACKAGE_VERSION "1.1.0"
| #define PACKAGE_STRING "libwebp 1.1.0"
| #define PACKAGE_BUGREPORT "https://bugs.chromium.org/p/webp"
| #define PACKAGE_URL "http://developers.google.com/speed/webp"
| #define PACKAGE "libwebp"
| #define VERSION "1.1.0"
| #define STDC_HEADERS 1
| #define HAVE_SYS_TYPES_H 1
| #define HAVE_SYS_STAT_H 1
| #define HAVE_STDLIB_H 1
| #define HAVE_STRING_H 1
| #define HAVE_MEMORY_H 1
| #define HAVE_STRINGS_H 1
| #define HAVE_INTTYPES_H 1
| #define HAVE_STDINT_H 1
| #define HAVE_UNISTD_H 1
| #define HAVE_DLFCN_H 1
| #define LT_OBJDIR ".libs/"
| #define HAVE_BUILTIN_BSWAP16 1
| #define HAVE_BUILTIN_BSWAP32 1
| #define HAVE_BUILTIN_BSWAP64 1
| #define HAVE_PTHREAD_PRIO_INHERIT 1
| #define WEBP_USE_THREAD 1
| /* end confdefs.h.  */
| #include <SDL/SDL.h>
configure:14140: result: no
configure:14140: checking for SDL/SDL.h
configure:14140: result: no
configure:14144: checking SDL.h usability
configure:14144: gcc -c -arch arm64 -pipe -isysroot /Applications/Xcode-11.5.app/Contents/Developer/Platforms/iPhoneOS.platform/Developer/SDKs/iPhoneOS13.5.sdk/ -O3 -DNDEBUG -miphoneos-version-min=6.0 -fembed-bitcode -D_THREAD_SAFE -pthread   conftest.c >&5
conftest.c:61:10: fatal error: 'SDL.h' file not found
#include <SDL.h>
         ^~~~~~~
1 error generated.
configure:14144: $? = 1
configure: failed program was:
| /* confdefs.h */
| #define PACKAGE_NAME "libwebp"
| #define PACKAGE_TARNAME "libwebp"
| #define PACKAGE_VERSION "1.1.0"
| #define PACKAGE_STRING "libwebp 1.1.0"
| #define PACKAGE_BUGREPORT "https://bugs.chromium.org/p/webp"
| #define PACKAGE_URL "http://developers.google.com/speed/webp"
| #define PACKAGE "libwebp"
| #define VERSION "1.1.0"
| #define STDC_HEADERS 1
| #define HAVE_SYS_TYPES_H 1
| #define HAVE_SYS_STAT_H 1
| #define HAVE_STDLIB_H 1
| #define HAVE_STRING_H 1
| #define HAVE_MEMORY_H 1
| #define HAVE_STRINGS_H 1
| #define HAVE_INTTYPES_H 1
| #define HAVE_STDINT_H 1
| #define HAVE_UNISTD_H 1
| #define HAVE_DLFCN_H 1
| #define LT_OBJDIR ".libs/"
| #define HAVE_BUILTIN_BSWAP16 1
| #define HAVE_BUILTIN_BSWAP32 1
| #define HAVE_BUILTIN_BSWAP64 1
| #define HAVE_PTHREAD_PRIO_INHERIT 1
| #define WEBP_USE_THREAD 1
| /* end confdefs.h.  */
| #include <stdio.h>
| #ifdef HAVE_SYS_TYPES_H
| # include <sys/types.h>
| #endif
| #ifdef HAVE_SYS_STAT_H
| # include <sys/stat.h>
| #endif
| #ifdef STDC_HEADERS
| # include <stdlib.h>
| # include <stddef.h>
| #else
| # ifdef HAVE_STDLIB_H
| #  include <stdlib.h>
| # endif
| #endif
| #ifdef HAVE_STRING_H
| # if !defined STDC_HEADERS && defined HAVE_MEMORY_H
| #  include <memory.h>
| # endif
| # include <string.h>
| #endif
| #ifdef HAVE_STRINGS_H
| # include <strings.h>
| #endif
| #ifdef HAVE_INTTYPES_H
| # include <inttypes.h>
| #endif
| #ifdef HAVE_STDINT_H
| # include <stdint.h>
| #endif
| #ifdef HAVE_UNISTD_H
| # include <unistd.h>
| #endif
| #include <SDL.h>
configure:14144: result: no
configure:14144: checking SDL.h presence
configure:14144: gcc -E   conftest.c
conftest.c:28:10: fatal error: 'SDL.h' file not found
#include <SDL.h>
         ^~~~~~~
1 error generated.
configure:14144: $? = 1
configure: failed program was:
| /* confdefs.h */
| #define PACKAGE_NAME "libwebp"
| #define PACKAGE_TARNAME "libwebp"
| #define PACKAGE_VERSION "1.1.0"
| #define PACKAGE_STRING "libwebp 1.1.0"
| #define PACKAGE_BUGREPORT "https://bugs.chromium.org/p/webp"
| #define PACKAGE_URL "http://developers.google.com/speed/webp"
| #define PACKAGE "libwebp"
| #define VERSION "1.1.0"
| #define STDC_HEADERS 1
| #define HAVE_SYS_TYPES_H 1
| #define HAVE_SYS_STAT_H 1
| #define HAVE_STDLIB_H 1
| #define HAVE_STRING_H 1
| #define HAVE_MEMORY_H 1
| #define HAVE_STRINGS_H 1
| #define HAVE_INTTYPES_H 1
| #define HAVE_STDINT_H 1
| #define HAVE_UNISTD_H 1
| #define HAVE_DLFCN_H 1
| #define LT_OBJDIR ".libs/"
| #define HAVE_BUILTIN_BSWAP16 1
| #define HAVE_BUILTIN_BSWAP32 1
| #define HAVE_BUILTIN_BSWAP64 1
| #define HAVE_PTHREAD_PRIO_INHERIT 1
| #define WEBP_USE_THREAD 1
| /* end confdefs.h.  */
| #include <SDL.h>
configure:14144: result: no
configure:14144: checking for SDL.h
configure:14144: result: no
configure:14148: WARNING: SDL library not available - no sdl.h
configure:14210: WARNING: Optional SDL library not found
configure:14239: checking for libpng-config
configure:14257: found /usr/local/bin/libpng-config
configure:14269: result: /usr/local/bin/libpng-config
configure:14302: checking png.h usability
configure:14302: gcc -c -arch arm64 -pipe -isysroot /Applications/Xcode-11.5.app/Contents/Developer/Platforms/iPhoneOS.platform/Developer/SDKs/iPhoneOS13.5.sdk/ -O3 -DNDEBUG -miphoneos-version-min=6.0 -fembed-bitcode -D_THREAD_SAFE -pthread -I/usr/local/Cellar/libpng/1.6.37/include/libpng16  conftest.c >&5
configure:14302: $? = 0
configure:14302: result: yes
configure:14302: checking png.h presence
configure:14302: gcc -E -I/usr/local/Cellar/libpng/1.6.37/include/libpng16  conftest.c
configure:14302: $? = 0
configure:14302: result: yes
configure:14302: checking for png.h
configure:14302: result: yes
configure:14304: checking for library containing png_get_libpng_ver
configure:14335: gcc -o conftest -arch arm64 -pipe -isysroot /Applications/Xcode-11.5.app/Contents/Developer/Platforms/iPhoneOS.platform/Developer/SDKs/iPhoneOS13.5.sdk/ -O3 -DNDEBUG -miphoneos-version-min=6.0 -fembed-bitcode -D_THREAD_SAFE -pthread -I/usr/local/Cellar/libpng/1.6.37/include/libpng16   conftest.c -L/usr/local/Cellar/libpng/1.6.37/lib -lpng16   >&5
ld: warning: ignoring file /usr/local/Cellar/libpng/1.6.37/lib/libpng16.dylib, building for iOS-arm64 but attempting to link with file built for macOS-x86_64
Undefined symbols for architecture arm64:
  "_png_get_libpng_ver", referenced from:
      _main in conftest-379a4e.o
ld: symbol(s) not found for architecture arm64
clang: error: linker command failed with exit code 1 (use -v to see invocation)
configure:14335: $? = 1
configure: failed program was:
| /* confdefs.h */
| #define PACKAGE_NAME "libwebp"
| #define PACKAGE_TARNAME "libwebp"
| #define PACKAGE_VERSION "1.1.0"
| #define PACKAGE_STRING "libwebp 1.1.0"
| #define PACKAGE_BUGREPORT "https://bugs.chromium.org/p/webp"
| #define PACKAGE_URL "http://developers.google.com/speed/webp"
| #define PACKAGE "libwebp"
| #define VERSION "1.1.0"
| #define STDC_HEADERS 1
| #define HAVE_SYS_TYPES_H 1
| #define HAVE_SYS_STAT_H 1
| #define HAVE_STDLIB_H 1
| #define HAVE_STRING_H 1
| #define HAVE_MEMORY_H 1
| #define HAVE_STRINGS_H 1
| #define HAVE_INTTYPES_H 1
| #define HAVE_STDINT_H 1
| #define HAVE_UNISTD_H 1
| #define HAVE_DLFCN_H 1
| #define LT_OBJDIR ".libs/"
| #define HAVE_BUILTIN_BSWAP16 1
| #define HAVE_BUILTIN_BSWAP32 1
| #define HAVE_BUILTIN_BSWAP64 1
| #define HAVE_PTHREAD_PRIO_INHERIT 1
| #define WEBP_USE_THREAD 1
| /* end confdefs.h.  */
| 
| /* Override any GCC internal prototype to avoid an error.
|    Use char because int might match the return type of a GCC
|    builtin and then its argument prototype would still apply.  */
| #ifdef __cplusplus
| extern "C"
| #endif
| char png_get_libpng_ver ();
| int
| main ()
| {
| return png_get_libpng_ver ();
|   ;
|   return 0;
| }
configure:14335: gcc -o conftest -arch arm64 -pipe -isysroot /Applications/Xcode-11.5.app/Contents/Developer/Platforms/iPhoneOS.platform/Developer/SDKs/iPhoneOS13.5.sdk/ -O3 -DNDEBUG -miphoneos-version-min=6.0 -fembed-bitcode -D_THREAD_SAFE -pthread -I/usr/local/Cellar/libpng/1.6.37/include/libpng16   conftest.c -lpng  -L/usr/local/Cellar/libpng/1.6.37/lib -lpng16   >&5
ld: warning: ignoring file /usr/local/Cellar/libpng/1.6.37/lib/libpng.dylib, building for iOS-arm64 but attempting to link with file built for macOS-x86_64ld: warning: ignoring file /usr/local/Cellar/libpng/1.6.37/lib/libpng16.dylib, building for iOS-arm64 but attempting to link with file built for macOS-x86_64

Undefined symbols for architecture arm64:
  "_png_get_libpng_ver", referenced from:
      _main in conftest-b1ee67.o
ld: symbol(s) not found for architecture arm64
clang: error: linker command failed with exit code 1 (use -v to see invocation)
configure:14335: $? = 1
configure: failed program was:
| /* confdefs.h */
| #define PACKAGE_NAME "libwebp"
| #define PACKAGE_TARNAME "libwebp"
| #define PACKAGE_VERSION "1.1.0"
| #define PACKAGE_STRING "libwebp 1.1.0"
| #define PACKAGE_BUGREPORT "https://bugs.chromium.org/p/webp"
| #define PACKAGE_URL "http://developers.google.com/speed/webp"
| #define PACKAGE "libwebp"
| #define VERSION "1.1.0"
| #define STDC_HEADERS 1
| #define HAVE_SYS_TYPES_H 1
| #define HAVE_SYS_STAT_H 1
| #define HAVE_STDLIB_H 1
| #define HAVE_STRING_H 1
| #define HAVE_MEMORY_H 1
| #define HAVE_STRINGS_H 1
| #define HAVE_INTTYPES_H 1
| #define HAVE_STDINT_H 1
| #define HAVE_UNISTD_H 1
| #define HAVE_DLFCN_H 1
| #define LT_OBJDIR ".libs/"
| #define HAVE_BUILTIN_BSWAP16 1
| #define HAVE_BUILTIN_BSWAP32 1
| #define HAVE_BUILTIN_BSWAP64 1
| #define HAVE_PTHREAD_PRIO_INHERIT 1
| #define WEBP_USE_THREAD 1
| /* end confdefs.h.  */
| 
| /* Override any GCC internal prototype to avoid an error.
|    Use char because int might match the return type of a GCC
|    builtin and then its argument prototype would still apply.  */
| #ifdef __cplusplus
| extern "C"
| #endif
| char png_get_libpng_ver ();
| int
| main ()
| {
| return png_get_libpng_ver ();
|   ;
|   return 0;
| }
configure:14352: result: no
configure:14366: WARNING: Optional png library not found
configure:14415: checking jpeglib.h usability
configure:14415: gcc -c -arch arm64 -pipe -isysroot /Applications/Xcode-11.5.app/Contents/Developer/Platforms/iPhoneOS.platform/Developer/SDKs/iPhoneOS13.5.sdk/ -O3 -DNDEBUG -miphoneos-version-min=6.0 -fembed-bitcode -D_THREAD_SAFE -pthread   conftest.c >&5
conftest.c:61:10: fatal error: 'jpeglib.h' file not found
#include <jpeglib.h>
         ^~~~~~~~~~~
1 error generated.
configure:14415: $? = 1
configure: failed program was:
| /* confdefs.h */
| #define PACKAGE_NAME "libwebp"
| #define PACKAGE_TARNAME "libwebp"
| #define PACKAGE_VERSION "1.1.0"
| #define PACKAGE_STRING "libwebp 1.1.0"
| #define PACKAGE_BUGREPORT "https://bugs.chromium.org/p/webp"
| #define PACKAGE_URL "http://developers.google.com/speed/webp"
| #define PACKAGE "libwebp"
| #define VERSION "1.1.0"
| #define STDC_HEADERS 1
| #define HAVE_SYS_TYPES_H 1
| #define HAVE_SYS_STAT_H 1
| #define HAVE_STDLIB_H 1
| #define HAVE_STRING_H 1
| #define HAVE_MEMORY_H 1
| #define HAVE_STRINGS_H 1
| #define HAVE_INTTYPES_H 1
| #define HAVE_STDINT_H 1
| #define HAVE_UNISTD_H 1
| #define HAVE_DLFCN_H 1
| #define LT_OBJDIR ".libs/"
| #define HAVE_BUILTIN_BSWAP16 1
| #define HAVE_BUILTIN_BSWAP32 1
| #define HAVE_BUILTIN_BSWAP64 1
| #define HAVE_PTHREAD_PRIO_INHERIT 1
| #define WEBP_USE_THREAD 1
| /* end confdefs.h.  */
| #include <stdio.h>
| #ifdef HAVE_SYS_TYPES_H
| # include <sys/types.h>
| #endif
| #ifdef HAVE_SYS_STAT_H
| # include <sys/stat.h>
| #endif
| #ifdef STDC_HEADERS
| # include <stdlib.h>
| # include <stddef.h>
| #else
| # ifdef HAVE_STDLIB_H
| #  include <stdlib.h>
| # endif
| #endif
| #ifdef HAVE_STRING_H
| # if !defined STDC_HEADERS && defined HAVE_MEMORY_H
| #  include <memory.h>
| # endif
| # include <string.h>
| #endif
| #ifdef HAVE_STRINGS_H
| # include <strings.h>
| #endif
| #ifdef HAVE_INTTYPES_H
| # include <inttypes.h>
| #endif
| #ifdef HAVE_STDINT_H
| # include <stdint.h>
| #endif
| #ifdef HAVE_UNISTD_H
| # include <unistd.h>
| #endif
| #include <jpeglib.h>
configure:14415: result: no
configure:14415: checking jpeglib.h presence
configure:14415: gcc -E   conftest.c
configure:14415: $? = 0
configure:14415: result: yes
configure:14415: WARNING: jpeglib.h: present but cannot be compiled
configure:14415: WARNING: jpeglib.h:     check for missing prerequisite headers?
configure:14415: WARNING: jpeglib.h: see the Autoconf documentation
configure:14415: WARNING: jpeglib.h:     section "Present But Cannot Be Compiled"
configure:14415: WARNING: jpeglib.h: proceeding with the compiler's result
configure:14415: checking for jpeglib.h
configure:14415: result: no
configure:14467: WARNING: jpeg library not available - no jpeglib.h
configure:14506: checking tiffio.h usability
configure:14506: gcc -c -arch arm64 -pipe -isysroot /Applications/Xcode-11.5.app/Contents/Developer/Platforms/iPhoneOS.platform/Developer/SDKs/iPhoneOS13.5.sdk/ -O3 -DNDEBUG -miphoneos-version-min=6.0 -fembed-bitcode -D_THREAD_SAFE -pthread   conftest.c >&5
conftest.c:61:10: fatal error: 'tiffio.h' file not found
#include <tiffio.h>
         ^~~~~~~~~~
1 error generated.
configure:14506: $? = 1
configure: failed program was:
| /* confdefs.h */
| #define PACKAGE_NAME "libwebp"
| #define PACKAGE_TARNAME "libwebp"
| #define PACKAGE_VERSION "1.1.0"
| #define PACKAGE_STRING "libwebp 1.1.0"
| #define PACKAGE_BUGREPORT "https://bugs.chromium.org/p/webp"
| #define PACKAGE_URL "http://developers.google.com/speed/webp"
| #define PACKAGE "libwebp"
| #define VERSION "1.1.0"
| #define STDC_HEADERS 1
| #define HAVE_SYS_TYPES_H 1
| #define HAVE_SYS_STAT_H 1
| #define HAVE_STDLIB_H 1
| #define HAVE_STRING_H 1
| #define HAVE_MEMORY_H 1
| #define HAVE_STRINGS_H 1
| #define HAVE_INTTYPES_H 1
| #define HAVE_STDINT_H 1
| #define HAVE_UNISTD_H 1
| #define HAVE_DLFCN_H 1
| #define LT_OBJDIR ".libs/"
| #define HAVE_BUILTIN_BSWAP16 1
| #define HAVE_BUILTIN_BSWAP32 1
| #define HAVE_BUILTIN_BSWAP64 1
| #define HAVE_PTHREAD_PRIO_INHERIT 1
| #define WEBP_USE_THREAD 1
| /* end confdefs.h.  */
| #include <stdio.h>
| #ifdef HAVE_SYS_TYPES_H
| # include <sys/types.h>
| #endif
| #ifdef HAVE_SYS_STAT_H
| # include <sys/stat.h>
| #endif
| #ifdef STDC_HEADERS
| # include <stdlib.h>
| # include <stddef.h>
| #else
| # ifdef HAVE_STDLIB_H
| #  include <stdlib.h>
| # endif
| #endif
| #ifdef HAVE_STRING_H
| # if !defined STDC_HEADERS && defined HAVE_MEMORY_H
| #  include <memory.h>
| # endif
| # include <string.h>
| #endif
| #ifdef HAVE_STRINGS_H
| # include <strings.h>
| #endif
| #ifdef HAVE_INTTYPES_H
| # include <inttypes.h>
| #endif
| #ifdef HAVE_STDINT_H
| # include <stdint.h>
| #endif
| #ifdef HAVE_UNISTD_H
| # include <unistd.h>
| #endif
| #include <tiffio.h>
configure:14506: result: no
configure:14506: checking tiffio.h presence
configure:14506: gcc -E   conftest.c
configure:14506: $? = 0
configure:14506: result: yes
configure:14506: WARNING: tiffio.h: present but cannot be compiled
configure:14506: WARNING: tiffio.h:     check for missing prerequisite headers?
configure:14506: WARNING: tiffio.h: see the Autoconf documentation
configure:14506: WARNING: tiffio.h:     section "Present But Cannot Be Compiled"
configure:14506: WARNING: tiffio.h: proceeding with the compiler's result
configure:14506: checking for tiffio.h
configure:14506: result: no
configure:14558: WARNING: tiff library not available - no tiffio.h
configure:14597: checking gif_lib.h usability
configure:14597: gcc -c -arch arm64 -pipe -isysroot /Applications/Xcode-11.5.app/Contents/Developer/Platforms/iPhoneOS.platform/Developer/SDKs/iPhoneOS13.5.sdk/ -O3 -DNDEBUG -miphoneos-version-min=6.0 -fembed-bitcode -D_THREAD_SAFE -pthread   conftest.c >&5
conftest.c:61:10: fatal error: 'gif_lib.h' file not found
#include <gif_lib.h>
         ^~~~~~~~~~~
1 error generated.
configure:14597: $? = 1
configure: failed program was:
| /* confdefs.h */
| #define PACKAGE_NAME "libwebp"
| #define PACKAGE_TARNAME "libwebp"
| #define PACKAGE_VERSION "1.1.0"
| #define PACKAGE_STRING "libwebp 1.1.0"
| #define PACKAGE_BUGREPORT "https://bugs.chromium.org/p/webp"
| #define PACKAGE_URL "http://developers.google.com/speed/webp"
| #define PACKAGE "libwebp"
| #define VERSION "1.1.0"
| #define STDC_HEADERS 1
| #define HAVE_SYS_TYPES_H 1
| #define HAVE_SYS_STAT_H 1
| #define HAVE_STDLIB_H 1
| #define HAVE_STRING_H 1
| #define HAVE_MEMORY_H 1
| #define HAVE_STRINGS_H 1
| #define HAVE_INTTYPES_H 1
| #define HAVE_STDINT_H 1
| #define HAVE_UNISTD_H 1
| #define HAVE_DLFCN_H 1
| #define LT_OBJDIR ".libs/"
| #define HAVE_BUILTIN_BSWAP16 1
| #define HAVE_BUILTIN_BSWAP32 1
| #define HAVE_BUILTIN_BSWAP64 1
| #define HAVE_PTHREAD_PRIO_INHERIT 1
| #define WEBP_USE_THREAD 1
| /* end confdefs.h.  */
| #include <stdio.h>
| #ifdef HAVE_SYS_TYPES_H
| # include <sys/types.h>
| #endif
| #ifdef HAVE_SYS_STAT_H
| # include <sys/stat.h>
| #endif
| #ifdef STDC_HEADERS
| # include <stdlib.h>
| # include <stddef.h>
| #else
| # ifdef HAVE_STDLIB_H
| #  include <stdlib.h>
| # endif
| #endif
| #ifdef HAVE_STRING_H
| # if !defined STDC_HEADERS && defined HAVE_MEMORY_H
| #  include <memory.h>
| # endif
| # include <string.h>
| #endif
| #ifdef HAVE_STRINGS_H
| # include <strings.h>
| #endif
| #ifdef HAVE_INTTYPES_H
| # include <inttypes.h>
| #endif
| #ifdef HAVE_STDINT_H
| # include <stdint.h>
| #endif
| #ifdef HAVE_UNISTD_H
| # include <unistd.h>
| #endif
| #include <gif_lib.h>
configure:14597: result: no
configure:14597: checking gif_lib.h presence
configure:14597: gcc -E   conftest.c
conftest.c:28:10: fatal error: 'gif_lib.h' file not found
#include <gif_lib.h>
         ^~~~~~~~~~~
1 error generated.
configure:14597: $? = 1
configure: failed program was:
| /* confdefs.h */
| #define PACKAGE_NAME "libwebp"
| #define PACKAGE_TARNAME "libwebp"
| #define PACKAGE_VERSION "1.1.0"
| #define PACKAGE_STRING "libwebp 1.1.0"
| #define PACKAGE_BUGREPORT "https://bugs.chromium.org/p/webp"
| #define PACKAGE_URL "http://developers.google.com/speed/webp"
| #define PACKAGE "libwebp"
| #define VERSION "1.1.0"
| #define STDC_HEADERS 1
| #define HAVE_SYS_TYPES_H 1
| #define HAVE_SYS_STAT_H 1
| #define HAVE_STDLIB_H 1
| #define HAVE_STRING_H 1
| #define HAVE_MEMORY_H 1
| #define HAVE_STRINGS_H 1
| #define HAVE_INTTYPES_H 1
| #define HAVE_STDINT_H 1
| #define HAVE_UNISTD_H 1
| #define HAVE_DLFCN_H 1
| #define LT_OBJDIR ".libs/"
| #define HAVE_BUILTIN_BSWAP16 1
| #define HAVE_BUILTIN_BSWAP32 1
| #define HAVE_BUILTIN_BSWAP64 1
| #define HAVE_PTHREAD_PRIO_INHERIT 1
| #define WEBP_USE_THREAD 1
| /* end confdefs.h.  */
| #include <gif_lib.h>
configure:14597: result: no
configure:14597: checking for gif_lib.h
configure:14597: result: no
configure:14648: WARNING: gif library not available - no gif_lib.h
configure:14797: checking if --enable-swap-16bit-csp option is specified
configure:14807: result: yes
configure:14815: checking if --disable-near-lossless option is specified
configure:14831: result: no
configure:14835: checking whether libwebpmux is to be built
configure:14842: result: yes
configure:14853: checking whether libwebpdemux is to be built
configure:14862: result: yes
configure:14873: checking whether decoder library is to be built
configure:14880: result: yes
configure:14891: checking whether libwebpextras is to be built
configure:14898: result: no
configure:15026: checking that generated files are newer than configure
configure:15032: result: done
configure:15096: creating ./config.status

## ---------------------- ##
## Running config.status. ##
## ---------------------- ##

This file was extended by libwebp config.status 1.1.0, which was
generated by GNU Autoconf 2.69.  Invocation command line was

  CONFIG_FILES    = 
  CONFIG_HEADERS  = 
  CONFIG_LINKS    = 
  CONFIG_COMMANDS = 
  $ ./config.status 

on garrettmoon-555JGH6.dyn.pinadmin.com

config.status:1150: creating Makefile
config.status:1150: creating src/Makefile
config.status:1150: creating man/Makefile
config.status:1150: creating examples/Makefile
config.status:1150: creating extras/Makefile
config.status:1150: creating imageio/Makefile
config.status:1150: creating src/dec/Makefile
config.status:1150: creating src/enc/Makefile
config.status:1150: creating src/dsp/Makefile
config.status:1150: creating src/demux/Makefile
config.status:1150: creating src/mux/Makefile
config.status:1150: creating src/utils/Makefile
config.status:1150: creating src/libwebp.pc
config.status:1150: creating src/libwebpdecoder.pc
config.status:1150: creating src/demux/libwebpdemux.pc
config.status:1150: creating src/mux/libwebpmux.pc
config.status:1150: creating src/webp/config.h
config.status:1364: executing depfiles commands
config.status:1441: cd examples       && sed -e '/# am--include-marker/d' Makefile         | make -f - am--depfiles
make[1]: Nothing to be done for `am--depfiles'.
config.status:1446: $? = 0
config.status:1441: cd extras       && sed -e '/# am--include-marker/d' Makefile         | make -f - am--depfiles
make[1]: Nothing to be done for `am--depfiles'.
config.status:1446: $? = 0
config.status:1441: cd imageio       && sed -e '/# am--include-marker/d' Makefile         | make -f - am--depfiles
make[1]: Nothing to be done for `am--depfiles'.
config.status:1446: $? = 0
config.status:1441: cd src/dec       && sed -e '/# am--include-marker/d' Makefile         | make -f - am--depfiles
make[1]: Nothing to be done for `am--depfiles'.
config.status:1446: $? = 0
config.status:1441: cd src/enc       && sed -e '/# am--include-marker/d' Makefile         | make -f - am--depfiles
make[1]: Nothing to be done for `am--depfiles'.
config.status:1446: $? = 0
config.status:1441: cd src/dsp       && sed -e '/# am--include-marker/d' Makefile         | make -f - am--depfiles
make[1]: Nothing to be done for `am--depfiles'.
config.status:1446: $? = 0
config.status:1441: cd src/demux       && sed -e '/# am--include-marker/d' Makefile         | make -f - am--depfiles
make[1]: Nothing to be done for `am--depfiles'.
config.status:1446: $? = 0
config.status:1441: cd src/mux       && sed -e '/# am--include-marker/d' Makefile         | make -f - am--depfiles
make[1]: Nothing to be done for `am--depfiles'.
config.status:1446: $? = 0
config.status:1441: cd src/utils       && sed -e '/# am--include-marker/d' Makefile         | make -f - am--depfiles
make[1]: Nothing to be done for `am--depfiles'.
config.status:1446: $? = 0
config.status:1364: executing libtool commands
configure:17294:
WebP Configuration Summary
--------------------------

Shared libraries: no
Static libraries: yes
Threading support: yes
libwebp: yes
libwebpdecoder: yes
libwebpdemux: yes
libwebpmux: yes
libwebpextras: no

Tools:
cwebp : yes
  Input format support
  ====================
  JPEG : no
  PNG  : no
  TIFF : no
  WIC  : no
dwebp : yes
  Output format support
  =====================
  PNG  : no
  WIC  : no
GIF support : no
anim_diff   : no
gif2webp    : no
img2webp    : no
webpmux     : yes
vwebp       : no
webpinfo    : yes
SDL support : no
vwebp_sdl   : no


## ---------------- ##
## Cache variables. ##
## ---------------- ##

ac_cv_build=x86_64-apple-darwin19.5.0
ac_cv_c_bigendian=no
ac_cv_c_compiler_gnu=yes
ac_cv_env_CC_set=
ac_cv_env_CC_value=
ac_cv_env_CFLAGS_set=set
ac_cv_env_CFLAGS_value='-arch arm64 -pipe -isysroot /Applications/Xcode-11.5.app/Contents/Developer/Platforms/iPhoneOS.platform/Developer/SDKs/iPhoneOS13.5.sdk/ -O3 -DNDEBUG -miphoneos-version-min=6.0 -fembed-bitcode'
ac_cv_env_CPPFLAGS_set=
ac_cv_env_CPPFLAGS_value=
ac_cv_env_CPP_set=
ac_cv_env_CPP_value=
ac_cv_env_LDFLAGS_set=
ac_cv_env_LDFLAGS_value=
ac_cv_env_LIBS_set=
ac_cv_env_LIBS_value=
ac_cv_env_LT_SYS_LIBRARY_PATH_set=
ac_cv_env_LT_SYS_LIBRARY_PATH_value=
ac_cv_env_build_alias_set=set
ac_cv_env_build_alias_value=x86_64-apple-darwin19.5.0
ac_cv_env_host_alias_set=set
ac_cv_env_host_alias_value=aarch64-apple-darwin
ac_cv_env_target_alias_set=
ac_cv_env_target_alias_value=
ac_cv_header_GLUT_glut_h=no
ac_cv_header_GL_glut_h=no
ac_cv_header_OpenGL_glut_h=no
ac_cv_header_SDL_SDL_h=no
ac_cv_header_SDL_h=no
ac_cv_header_dlfcn_h=yes
ac_cv_header_emmintrin_h=no
ac_cv_header_gif_lib_h=no
ac_cv_header_inttypes_h=yes
ac_cv_header_jpeglib_h=no
ac_cv_header_memory_h=yes
ac_cv_header_png_h=yes
ac_cv_header_smmintrin_h=no
ac_cv_header_stdc=yes
ac_cv_header_stdint_h=yes
ac_cv_header_stdlib_h=yes
ac_cv_header_string_h=yes
ac_cv_header_strings_h=yes
ac_cv_header_sys_stat_h=yes
ac_cv_header_sys_types_h=yes
ac_cv_header_tiffio_h=no
ac_cv_header_unistd_h=yes
ac_cv_host=aarch64-apple-darwin
ac_cv_objext=o
ac_cv_path_EGREP='/usr/bin/grep -E'
ac_cv_path_FGREP='/usr/bin/grep -F'
ac_cv_path_GREP=/usr/bin/grep
ac_cv_path_LIBPNG_CONFIG=/usr/local/bin/libpng-config
ac_cv_path_SED=/usr/bin/sed
ac_cv_path_install='/usr/bin/install -c'
ac_cv_path_lt_DD=/bin/dd
ac_cv_prog_AR=ar
ac_cv_prog_AWK=awk
ac_cv_prog_CPP='gcc -E'
ac_cv_prog_STRIP=strip
ac_cv_prog_ac_ct_AR=ar
ac_cv_prog_ac_ct_CC=gcc
ac_cv_prog_ac_ct_DSYMUTIL=dsymutil
ac_cv_prog_ac_ct_DUMPBIN='link -dump'
ac_cv_prog_ac_ct_LIPO=lipo
ac_cv_prog_ac_ct_NMEDIT=nmedit
ac_cv_prog_ac_ct_OBJDUMP=objdump
ac_cv_prog_ac_ct_OTOOL=otool
ac_cv_prog_ac_ct_RANLIB=ranlib
ac_cv_prog_ac_ct_STRIP=strip
ac_cv_prog_cc_c89=
ac_cv_prog_cc_g=yes
ac_cv_prog_make_make_set=yes
ac_cv_search_png_get_libpng_ver=no
am_cv_CC_dependencies_compiler_type=gcc3
am_cv_ar_interface=ar
am_cv_make_support_nested_variables=yes
am_cv_prog_cc_c_o=yes
ax_cv_PTHREAD_PRIO_INHERIT=yes
lt_cv_apple_cc_single_mod=yes
lt_cv_ar_at_file=no
lt_cv_deplibs_check_method=pass_all
lt_cv_file_magic_cmd='$MAGIC_CMD'
lt_cv_file_magic_test_file=
lt_cv_ld_exported_symbols_list=yes
lt_cv_ld_force_load=yes
lt_cv_ld_reload_flag=-r
lt_cv_nm_interface='BSD nm'
lt_cv_objdir=.libs
lt_cv_path_LD=/Applications/Xcode-11.5.app/Contents/Developer/Toolchains/XcodeDefault.xctoolchain/usr/bin/ld
lt_cv_path_NM=no
lt_cv_path_mainfest_tool=no
lt_cv_prog_compiler_c_o=yes
lt_cv_prog_compiler_pic='-fno-common -DPIC'
lt_cv_prog_compiler_pic_works=yes
lt_cv_prog_compiler_rtti_exceptions=yes
lt_cv_prog_compiler_static_works=no
lt_cv_prog_gnu_ld=no
lt_cv_sharedlib_from_linklib_cmd='printf %s\n'
lt_cv_sys_global_symbol_pipe='sed -n -e '\''s/^.*[	 ]\([BCDEGRST][BCDEGRST]*\)[	 ][	 ]*_\([_A-Za-z][_A-Za-z0-9]*\)$/\1 _\2 \2/p'\'' | sed '\''/ __gnu_lto/d'\'''
lt_cv_sys_global_symbol_to_c_name_address='sed -n -e '\''s/^: \(.*\) .*$/  {"\1", (void *) 0},/p'\'' -e '\''s/^[BCDEGRST][BCDEGRST]* .* \(.*\)$/  {"\1", (void *) \&\1},/p'\'''
lt_cv_sys_global_symbol_to_c_name_address_lib_prefix='sed -n -e '\''s/^: \(.*\) .*$/  {"\1", (void *) 0},/p'\'' -e '\''s/^[BCDEGRST][BCDEGRST]* .* \(lib.*\)$/  {"\1", (void *) \&\1},/p'\'' -e '\''s/^[BCDEGRST][BCDEGRST]* .* \(.*\)$/  {"lib\1", (void *) \&\1},/p'\'''
lt_cv_sys_global_symbol_to_cdecl='sed -n -e '\''s/^T .* \(.*\)$/extern int \1();/p'\'' -e '\''s/^[BCDEGRST][BCDEGRST]* .* \(.*\)$/extern char \1;/p'\'''
lt_cv_sys_global_symbol_to_import=
lt_cv_sys_max_cmd_len=196608
lt_cv_to_host_file_cmd=func_convert_file_noop
lt_cv_to_tool_file_cmd=func_convert_file_noop
lt_cv_truncate_bin='/bin/dd bs=4096 count=1'

## ----------------- ##
## Output variables. ##
## ----------------- ##

ACLOCAL='${SHELL} /Users/garrettmoon/code/PINRemoteImage/Carthage/Checkouts/libwebp/missing aclocal-1.16'
AMDEPBACKSLASH='\'
AMDEP_FALSE='#'
AMDEP_TRUE=''
AMTAR='$${TAR-tar}'
AM_BACKSLASH='\'
AM_CFLAGS=' -fvisibility=hidden -Wall -Wconstant-conversion -Wdeclaration-after-statement -Wextra -Wfloat-conversion -Wformat -Wformat-nonliteral -Wformat -Wformat-security -Wmissing-declarations -Wmissing-prototypes -Wold-style-definition -Wparentheses-equality -Wshadow -Wshorten-64-to-32 -Wundef -Wunreachable-code -Wunused -Wvla -Wno-deprecated-declarations'
AM_CPPFLAGS=' -DNDEBUG'
AM_DEFAULT_V='$(AM_DEFAULT_VERBOSITY)'
AM_DEFAULT_VERBOSITY='0'
AM_V='$(V)'
AR='ar'
AUTOCONF='${SHELL} /Users/garrettmoon/code/PINRemoteImage/Carthage/Checkouts/libwebp/missing autoconf'
AUTOHEADER='${SHELL} /Users/garrettmoon/code/PINRemoteImage/Carthage/Checkouts/libwebp/missing autoheader'
AUTOMAKE='${SHELL} /Users/garrettmoon/code/PINRemoteImage/Carthage/Checkouts/libwebp/missing automake-1.16'
AWK='awk'
BUILD_ANIMDIFF_FALSE=''
BUILD_ANIMDIFF_TRUE='#'
BUILD_DEMUX_FALSE='#'
BUILD_DEMUX_TRUE=''
BUILD_EXTRAS_FALSE=''
BUILD_EXTRAS_TRUE='#'
BUILD_GIF2WEBP_FALSE=''
BUILD_GIF2WEBP_TRUE='#'
BUILD_IMG2WEBP_FALSE=''
BUILD_IMG2WEBP_TRUE='#'
BUILD_LIBWEBPDECODER_FALSE='#'
BUILD_LIBWEBPDECODER_TRUE=''
BUILD_MUX_FALSE='#'
BUILD_MUX_TRUE=''
BUILD_VWEBP_FALSE=''
BUILD_VWEBP_SDL_FALSE=''
BUILD_VWEBP_SDL_TRUE='#'
BUILD_VWEBP_TRUE='#'
BUILD_WEBPINFO_FALSE='#'
BUILD_WEBPINFO_TRUE=''
CC='gcc'
CCDEPMODE='depmode=gcc3'
CFLAGS='-arch arm64 -pipe -isysroot /Applications/Xcode-11.5.app/Contents/Developer/Platforms/iPhoneOS.platform/Developer/SDKs/iPhoneOS13.5.sdk/ -O3 -DNDEBUG -miphoneos-version-min=6.0 -fembed-bitcode -D_THREAD_SAFE -pthread'
CPP='gcc -E'
CPPFLAGS=''
CYGPATH_W='echo'
DEFS='-DHAVE_CONFIG_H'
DEPDIR='.deps'
DLLTOOL='false'
DSYMUTIL='dsymutil'
DUMPBIN=':'
ECHO_C='\c'
ECHO_N=''
ECHO_T=''
EGREP='/usr/bin/grep -E'
EXEEXT=''
FGREP='/usr/bin/grep -F'
GIF_INCLUDES=''
GIF_LIBS=''
GL_INCLUDES=''
GL_LIBS=''
GREP='/usr/bin/grep'
INSTALL_DATA='${INSTALL} -m 644'
INSTALL_PROGRAM='${INSTALL}'
INSTALL_SCRIPT='${INSTALL}'
INSTALL_STRIP_PROGRAM='$(install_sh) -c -s'
JPEG_INCLUDES=''
JPEG_LIBS=''
LD='/Applications/Xcode-11.5.app/Contents/Developer/Toolchains/XcodeDefault.xctoolchain/usr/bin/ld'
LDFLAGS=''
LIBOBJS=''
LIBPNG_CONFIG='/usr/local/bin/libpng-config'
LIBS=' '
LIBSDL_CONFIG=''
LIBTOOL='$(SHELL) $(top_builddir)/libtool'
LIPO='lipo'
LN_S='ln -s'
LTLIBOBJS=''
LT_SYS_LIBRARY_PATH=''
MAKEINFO='${SHELL} /Users/garrettmoon/code/PINRemoteImage/Carthage/Checkouts/libwebp/missing makeinfo'
MANIFEST_TOOL=':'
MKDIR_P='../Carthage/Checkouts/libwebp/install-sh -c -d'
NEON_FLAGS=''
NM='nm'
NMEDIT='nmedit'
OBJDUMP='objdump'
OBJEXT='o'
OTOOL64=':'
OTOOL='otool'
PACKAGE='libwebp'
PACKAGE_BUGREPORT='https://bugs.chromium.org/p/webp'
PACKAGE_NAME='libwebp'
PACKAGE_STRING='libwebp 1.1.0'
PACKAGE_TARNAME='libwebp'
PACKAGE_URL='http://developers.google.com/speed/webp'
PACKAGE_VERSION='1.1.0'
PATH_SEPARATOR=':'
PNG_INCLUDES=''
PNG_LIBS=''
PTHREAD_CC='gcc'
PTHREAD_CFLAGS='-D_THREAD_SAFE -pthread'
PTHREAD_LIBS=''
RANLIB='ranlib'
SDL_INCLUDES=''
SDL_LIBS=''
SED='/usr/bin/sed'
SET_MAKE=''
SHELL='/bin/sh'
SSE2_FLAGS=''
SSE41_FLAGS=''
STRIP='strip'
TIFF_INCLUDES=''
TIFF_LIBS=''
USE_SWAP_16BIT_CSP='-DWEBP_SWAP_16BIT_CSP=1'
VERSION='1.1.0'
ac_ct_AR='ar'
ac_ct_CC='gcc'
ac_ct_DUMPBIN='link -dump'
am__EXEEXT_FALSE=''
am__EXEEXT_TRUE='#'
am__fastdepCC_FALSE='#'
am__fastdepCC_TRUE=''
am__include='include'
am__isrc=' -I$(srcdir)'
am__leading_dot='.'
am__nodep='_no'
am__quote=''
am__tar='$${TAR-tar} chof - "$$tardir"'
am__untar='$${TAR-tar} xf -'
ax_pthread_config=''
bindir='${exec_prefix}/bin'
build='x86_64-apple-darwin19.5.0'
build_alias='x86_64-apple-darwin19.5.0'
build_cpu='x86_64'
build_os='darwin19.5.0'
build_vendor='apple'
datadir='${datarootdir}'
datarootdir='${prefix}/share'
docdir='${datarootdir}/doc/${PACKAGE_TARNAME}'
dvidir='${docdir}'
exec_prefix='${prefix}'
host='aarch64-apple-darwin'
host_alias='aarch64-apple-darwin'
host_cpu='aarch64'
host_os='darwin'
host_vendor='apple'
htmldir='${docdir}'
includedir='${prefix}/include'
infodir='${datarootdir}/info'
install_sh='${SHELL} /Users/garrettmoon/code/PINRemoteImage/Carthage/Checkouts/libwebp/install-sh'
libdir='${exec_prefix}/lib'
libexecdir='${exec_prefix}/libexec'
localedir='${datarootdir}/locale'
localstatedir='${prefix}/var'
mandir='${datarootdir}/man'
mkdir_p='$(MKDIR_P)'
oldincludedir='/usr/include'
pdfdir='${docdir}'
pkgconfigdir='${libdir}/pkgconfig'
prefix='/Users/garrettmoon/code/PINRemoteImage/webp/iosbuild/iPhoneOS-13.5-aarch64'
program_transform_name='s,x,x,'
psdir='${docdir}'
sbindir='${exec_prefix}/sbin'
sharedstatedir='${prefix}/com'
sysconfdir='${prefix}/etc'
target_alias=''

## ----------- ##
## confdefs.h. ##
## ----------- ##

/* confdefs.h */
#define PACKAGE_NAME "libwebp"
#define PACKAGE_TARNAME "libwebp"
#define PACKAGE_VERSION "1.1.0"
#define PACKAGE_STRING "libwebp 1.1.0"
#define PACKAGE_BUGREPORT "https://bugs.chromium.org/p/webp"
#define PACKAGE_URL "http://developers.google.com/speed/webp"
#define PACKAGE "libwebp"
#define VERSION "1.1.0"
#define STDC_HEADERS 1
#define HAVE_SYS_TYPES_H 1
#define HAVE_SYS_STAT_H 1
#define HAVE_STDLIB_H 1
#define HAVE_STRING_H 1
#define HAVE_MEMORY_H 1
#define HAVE_STRINGS_H 1
#define HAVE_INTTYPES_H 1
#define HAVE_STDINT_H 1
#define HAVE_UNISTD_H 1
#define HAVE_DLFCN_H 1
#define LT_OBJDIR ".libs/"
#define HAVE_BUILTIN_BSWAP16 1
#define HAVE_BUILTIN_BSWAP32 1
#define HAVE_BUILTIN_BSWAP64 1
#define HAVE_PTHREAD_PRIO_INHERIT 1
#define WEBP_USE_THREAD 1
#define WEBP_NEAR_LOSSLESS 1

configure: exit 0
